02:31:27 **** Incremental Build of configuration Nios II for project final_project_keyboard_parser ****
make all 
Info: Building ../final_project_keyboard_parser_bsp/
make --no-print-directory -C ../final_project_keyboard_parser_bsp/
[BSP build complete]
Info: Compiling io_handler.c to obj/default/io_handler.o
nios2-elf-gcc -xc -MP -MMD -c -I../final_project_keyboard_parser_bsp//HAL/inc -I../final_project_keyboard_parser_bsp/ -I../final_project_keyboard_parser_bsp//drivers/inc  -pipe -D__hal__ -DALT_NO_INSTRUCTION_EMULATION -DALT_SINGLE_THREADED    -O0 -g -Wall   -mno-hw-div -mno-hw-mul -mno-hw-mulx -mgpopt=global  -o obj/default/io_handler.o io_handler.c
Info: Compiling main.c to obj/default/main.o
nios2-elf-gcc -xc -MP -MMD -c -I../final_project_keyboard_parser_bsp//HAL/inc -I../final_project_keyboard_parser_bsp/ -I../final_project_keyboard_parser_bsp//drivers/inc  -pipe -D__hal__ -DALT_NO_INSTRUCTION_EMULATION -DALT_SINGLE_THREADED    -O0 -g -Wall   -mno-hw-div -mno-hw-mul -mno-hw-mulx -mgpopt=global  -o obj/default/main.o main.c
Info: Compiling usb.c to obj/default/usb.o
nios2-elf-gcc -xc -MP -MMD -c -I../final_project_keyboard_parser_bsp//HAL/inc -I../final_project_keyboard_parser_bsp/ -I../final_project_keyboard_parser_bsp//drivers/inc  -pipe -D__hal__ -DALT_NO_INSTRUCTION_EMULATION -DALT_SINGLE_THREADED    -O0 -g -Wall   -mno-hw-div -mno-hw-mul -mno-hw-mulx -mgpopt=global  -o obj/default/usb.o usb.c
Info: Linking final_project_keyboard_parser.elf
nios2-elf-g++  -T'../final_project_keyboard_parser_bsp//linker.x' -msys-crt0='../final_project_keyboard_parser_bsp//obj/HAL/src/crt0.o' -msys-lib=hal_bsp -L../final_project_keyboard_parser_bsp/   -Wl,-Map=final_project_keyboard_parser.map   -O0 -g -Wall   -mno-hw-div -mno-hw-mul -mno-hw-mulx -mgpopt=global  -o final_project_keyboard_parser.elf obj/default/io_handler.o obj/default/main.o obj/default/usb.o -lm -msys-lib=m
nios2-elf-insert final_project_keyboard_parser.elf --thread_model hal --cpu_name nios2_gen2_0 --qsys true --simulation_enabled false --id 0 --sidp 0x80011d0 --timestamp 1544514522 --stderr_dev jtag_game_nios --stdin_dev jtag_game_nios --stdout_dev jtag_game_nios --sopc_system_name final_project --quartus_project_dir "/home/joey/courses/ece385/final_project" --jdi ../..//output_files/mario_cv_game.jdi --sopcinfo /home/joey/courses/ece385/final_project/software/final_project_keyboard_parser_bsp/../../final_project.sopcinfo
Info: (final_project_keyboard_parser.elf) 80 KBytes program size (code + initialized data).
Info:                                     130985 KBytes free for stack + heap.
Info: Creating final_project_keyboard_parser.objdump
nios2-elf-objdump --disassemble --syms --all-header --source final_project_keyboard_parser.elf >final_project_keyboard_parser.objdump
[final_project_keyboard_parser build complete]

02:31:27 Build Finished (took 513ms)

