17:15:54 **** Incremental Build of configuration Nios II for project final_project_software ****
make all 
Info: Building ../final_project_software_bsp/
make --no-print-directory -C ../final_project_software_bsp/
[BSP build complete]
Info: Compiling src/background.cpp to obj/default/src/background.o
nios2-elf-gcc -xc++ -MP -MMD -c -I../final_project_software_bsp//HAL/inc -I../final_project_software_bsp/ -I../final_project_software_bsp//drivers/inc  -pipe -D__hal__ -DALT_NO_INSTRUCTION_EMULATION -DALT_SINGLE_THREADED      -O0 -g -Wall -std=gnu++0x -std=gnu++14 -std=gnu++11  -mno-hw-div -mno-hw-mul -mno-hw-mulx -mgpopt=global  -o obj/default/src/background.o src/background.cpp
Info: Compiling src/enemies.cpp to obj/default/src/enemies.o
nios2-elf-gcc -xc++ -MP -MMD -c -I../final_project_software_bsp//HAL/inc -I../final_project_software_bsp/ -I../final_project_software_bsp//drivers/inc  -pipe -D__hal__ -DALT_NO_INSTRUCTION_EMULATION -DALT_SINGLE_THREADED      -O0 -g -Wall -std=gnu++0x -std=gnu++14 -std=gnu++11  -mno-hw-div -mno-hw-mul -mno-hw-mulx -mgpopt=global  -o obj/default/src/enemies.o src/enemies.cpp
Info: Compiling src/init.cpp to obj/default/src/init.o
nios2-elf-gcc -xc++ -MP -MMD -c -I../final_project_software_bsp//HAL/inc -I../final_project_software_bsp/ -I../final_project_software_bsp//drivers/inc  -pipe -D__hal__ -DALT_NO_INSTRUCTION_EMULATION -DALT_SINGLE_THREADED      -O0 -g -Wall -std=gnu++0x -std=gnu++14 -std=gnu++11  -mno-hw-div -mno-hw-mul -mno-hw-mulx -mgpopt=global  -o obj/default/src/init.o src/init.cpp
Info: Compiling src/item.cpp to obj/default/src/item.o
nios2-elf-gcc -xc++ -MP -MMD -c -I../final_project_software_bsp//HAL/inc -I../final_project_software_bsp/ -I../final_project_software_bsp//drivers/inc  -pipe -D__hal__ -DALT_NO_INSTRUCTION_EMULATION -DALT_SINGLE_THREADED      -O0 -g -Wall -std=gnu++0x -std=gnu++14 -std=gnu++11  -mno-hw-div -mno-hw-mul -mno-hw-mulx -mgpopt=global  -o obj/default/src/item.o src/item.cpp
Info: Compiling src/main.cpp to obj/default/src/main.o
nios2-elf-gcc -xc++ -MP -MMD -c -I../final_project_software_bsp//HAL/inc -I../final_project_software_bsp/ -I../final_project_software_bsp//drivers/inc  -pipe -D__hal__ -DALT_NO_INSTRUCTION_EMULATION -DALT_SINGLE_THREADED      -O0 -g -Wall -std=gnu++0x -std=gnu++14 -std=gnu++11  -mno-hw-div -mno-hw-mul -mno-hw-mulx -mgpopt=global  -o obj/default/src/main.o src/main.cpp
src/main.cpp: In function 'int main()':
src/main.cpp:33:7: warning: unused variable 'buff' [-Wunused-variable]
  char buff[256];
       ^
Info: Compiling src/player.cpp to obj/default/src/player.o
nios2-elf-gcc -xc++ -MP -MMD -c -I../final_project_software_bsp//HAL/inc -I../final_project_software_bsp/ -I../final_project_software_bsp//drivers/inc  -pipe -D__hal__ -DALT_NO_INSTRUCTION_EMULATION -DALT_SINGLE_THREADED      -O0 -g -Wall -std=gnu++0x -std=gnu++14 -std=gnu++11  -mno-hw-div -mno-hw-mul -mno-hw-mulx -mgpopt=global  -o obj/default/src/player.o src/player.cpp
src/player.cpp: In member function 'void Player::idleState()':
src/player.cpp:337:23: warning: statement has no effect [-Wunused-value]
    current_anim_state == DYING;
                       ^
src/player.cpp: In member function 'void Player::walkingState()':
src/player.cpp:390:23: warning: statement has no effect [-Wunused-value]
    current_anim_state == DYING;
                       ^
src/player.cpp: In member function 'void Player::jumpingState()':
src/player.cpp:479:23: warning: statement has no effect [-Wunused-value]
    current_anim_state == DYING;
                       ^
Info: Compiling src/sprite.cpp to obj/default/src/sprite.o
nios2-elf-gcc -xc++ -MP -MMD -c -I../final_project_software_bsp//HAL/inc -I../final_project_software_bsp/ -I../final_project_software_bsp//drivers/inc  -pipe -D__hal__ -DALT_NO_INSTRUCTION_EMULATION -DALT_SINGLE_THREADED      -O0 -g -Wall -std=gnu++0x -std=gnu++14 -std=gnu++11  -mno-hw-div -mno-hw-mul -mno-hw-mulx -mgpopt=global  -o obj/default/src/sprite.o src/sprite.cpp
Info: Compiling src/sprite_animator.cpp to obj/default/src/sprite_animator.o
nios2-elf-gcc -xc++ -MP -MMD -c -I../final_project_software_bsp//HAL/inc -I../final_project_software_bsp/ -I../final_project_software_bsp//drivers/inc  -pipe -D__hal__ -DALT_NO_INSTRUCTION_EMULATION -DALT_SINGLE_THREADED      -O0 -g -Wall -std=gnu++0x -std=gnu++14 -std=gnu++11  -mno-hw-div -mno-hw-mul -mno-hw-mulx -mgpopt=global  -o obj/default/src/sprite_animator.o src/sprite_animator.cpp
Info: Linking final_project_software.elf
nios2-elf-g++  -T'../final_project_software_bsp//linker.x' -msys-crt0='../final_project_software_bsp//obj/HAL/src/crt0.o' -msys-lib=hal_bsp -L../final_project_software_bsp/   -Wl,-Map=final_project_software.map   -O0 -g -Wall -std=gnu++0x -std=gnu++14 -std=gnu++11  -mno-hw-div -mno-hw-mul -mno-hw-mulx -mgpopt=global  -o final_project_software.elf obj/default/src/background.o obj/default/src/brain.o obj/default/src/colliders.o obj/default/src/config.o obj/default/src/enemies.o obj/default/src/init.o obj/default/src/item.o obj/default/src/keyboard.o obj/default/src/main.o obj/default/src/player.o obj/default/src/sim.o obj/default/src/sprite.o obj/default/src/sprite_animator.o -lm -msys-lib=m
nios2-elf-insert final_project_software.elf --thread_model hal --cpu_name nios2_gen2_0 --qsys true --simulation_enabled false --id 0 --sidp 0x1000800 --timestamp 1543353772 --stderr_dev jtag_game_nios --stdin_dev jtag_game_nios --stdout_dev jtag_game_nios --sopc_system_name final_project --quartus_project_dir "/home/joey/courses/ece385/final_project" --jdi ../..//output_files/mario_cv_game.jdi --sopcinfo /home/joey/courses/ece385/final_project/software/final_project_software_bsp/../../final_project.sopcinfo
Info: (final_project_software.elf) 949 KBytes program size (code + initialized data).
Info:                              15426 KBytes free for stack + heap.
Info: Creating final_project_software.objdump
nios2-elf-objdump --disassemble --syms --all-header --source final_project_software.elf >final_project_software.objdump
[final_project_software build complete]

17:16:04 Build Finished (took 9s.882ms)

