Power Analyzer report for mario_cv_game
Tue Dec 11 22:40:52 2018
Quartus Prime Version 18.1.0 Build 625 09/12/2018 SJ Lite Edition


---------------------
; Table of Contents ;
---------------------
  1. Legal Notice
  2. Parallel Compilation
  3. Power Analyzer Summary
  4. Power Analyzer Settings
  5. Indeterminate Toggle Rates
  6. Operating Conditions Used
  7. Thermal Power Dissipation by Block
  8. Thermal Power Dissipation by Block Type
  9. Thermal Power Dissipation by Hierarchy
 10. Core Dynamic Thermal Power Dissipation by Clock Domain
 11. Current Drawn from Voltage Supplies Summary
 12. VCCIO Supply Current Drawn by I/O Bank
 13. VCCIO Supply Current Drawn by Voltage
 14. Confidence Metric Details
 15. Signal Activities
 16. Power Analyzer Messages



----------------
; Legal Notice ;
----------------
Copyright (C) 2018  Intel Corporation. All rights reserved.
Your use of Intel Corporation's design tools, logic functions 
and other software and tools, and its AMPP partner logic 
functions, and any output files from any of the foregoing 
(including device programming or simulation files), and any 
associated documentation or information are expressly subject 
to the terms and conditions of the Intel Program License 
Subscription Agreement, the Intel Quartus Prime License Agreement,
the Intel FPGA IP License Agreement, or other applicable license
agreement, including, without limitation, that your use is for
the sole purpose of programming logic devices manufactured by
Intel and sold by Intel or its authorized distributors.  Please
refer to the applicable agreement for further details.



+------------------------------------------+
; Parallel Compilation                     ;
+----------------------------+-------------+
; Processors                 ; Number      ;
+----------------------------+-------------+
; Number detected on machine ; 4           ;
; Maximum allowed            ; 4           ;
;                            ;             ;
; Average used               ; 1.04        ;
; Maximum used               ; 4           ;
;                            ;             ;
; Usage by Processor         ; % Time Used ;
;     Processor 1            ; 100.0%      ;
;     Processors 2-4         ;   1.2%      ;
+----------------------------+-------------+


+-------------------------------------------------------------------------------------------+
; Power Analyzer Summary                                                                    ;
+----------------------------------------+--------------------------------------------------+
; Power Analyzer Status                  ; Successful - Tue Dec 11 22:40:52 2018            ;
; Quartus Prime Version                  ; 18.1.0 Build 625 09/12/2018 SJ Lite Edition      ;
; Revision Name                          ; mario_cv_game                                    ;
; Top-level Entity Name                  ; mario_cv_game                                    ;
; Family                                 ; Cyclone IV E                                     ;
; Device                                 ; EP4CE115F29C7                                    ;
; Power Models                           ; Final                                            ;
; Total Thermal Power Dissipation        ; 168.78 mW                                        ;
; Core Dynamic Thermal Power Dissipation ; 0.00 mW                                          ;
; Core Static Thermal Power Dissipation  ; 98.67 mW                                         ;
; I/O Thermal Power Dissipation          ; 70.11 mW                                         ;
; Power Estimation Confidence            ; Low: user provided insufficient toggle rate data ;
+----------------------------------------+--------------------------------------------------+


+--------------------------------------------------------------------------------------------------------------------------+
; Power Analyzer Settings                                                                                                  ;
+------------------------------------------------------------------+---------------------------------------+---------------+
; Option                                                           ; Setting                               ; Default Value ;
+------------------------------------------------------------------+---------------------------------------+---------------+
; Maximum processors allowed for parallel compilation              ; 4                                     ;               ;
; Use smart compilation                                            ; Off                                   ; Off           ;
; Enable parallel Assembler and Timing Analyzer during compilation ; On                                    ; On            ;
; Enable compact report table                                      ; Off                                   ; Off           ;
; Default Power Input I/O Toggle Rate                              ; 12.5%                                 ; 12.5%         ;
; Preset Cooling Solution                                          ; 23 MM HEAT SINK WITH 200 LFPM AIRFLOW ;               ;
; Board thermal model                                              ; None (CONSERVATIVE)                   ;               ;
; Default Power Toggle Rate                                        ; 12.5%                                 ; 12.5%         ;
; Use vectorless estimation                                        ; On                                    ; On            ;
; Use Input Files                                                  ; Off                                   ; Off           ;
; Filter Glitches in VCD File Reader                               ; On                                    ; On            ;
; Power Analyzer Report Signal Activity                            ; Off                                   ; Off           ;
; Power Analyzer Report Power Dissipation                          ; Off                                   ; Off           ;
; Device Power Characteristics                                     ; TYPICAL                               ; TYPICAL       ;
; Automatically Compute Junction Temperature                       ; On                                    ; On            ;
; Specified Junction Temperature                                   ; 25                                    ; 25            ;
; Ambient Temperature                                              ; 25                                    ; 25            ;
; Use Custom Cooling Solution                                      ; Off                                   ; Off           ;
; Board Temperature                                                ; 25                                    ; 25            ;
+------------------------------------------------------------------+---------------------------------------+---------------+


+--------------------------------------------+
; Indeterminate Toggle Rates                 ;
+--------------+-----------------------------+
; Node         ; Reason                      ;
+--------------+-----------------------------+
; CLOCK_50     ; No valid clock domain found ;
; KEY[1]       ; No valid clock domain found ;
; OTG_INT[0]   ; No valid clock domain found ;
; OTG_INT[1]   ; No valid clock domain found ;
; OTG_DATA[0]  ; No valid clock domain found ;
; OTG_DATA[1]  ; No valid clock domain found ;
; OTG_DATA[2]  ; No valid clock domain found ;
; OTG_DATA[3]  ; No valid clock domain found ;
; OTG_DATA[4]  ; No valid clock domain found ;
; OTG_DATA[5]  ; No valid clock domain found ;
; OTG_DATA[6]  ; No valid clock domain found ;
; OTG_DATA[7]  ; No valid clock domain found ;
; OTG_DATA[8]  ; No valid clock domain found ;
; OTG_DATA[9]  ; No valid clock domain found ;
; OTG_DATA[10] ; No valid clock domain found ;
; OTG_DATA[11] ; No valid clock domain found ;
; OTG_DATA[12] ; No valid clock domain found ;
; OTG_DATA[13] ; No valid clock domain found ;
; OTG_DATA[14] ; No valid clock domain found ;
; OTG_DATA[15] ; No valid clock domain found ;
; DRAM_DQ[0]   ; No valid clock domain found ;
; DRAM_DQ[1]   ; No valid clock domain found ;
; DRAM_DQ[2]   ; No valid clock domain found ;
; DRAM_DQ[3]   ; No valid clock domain found ;
; DRAM_DQ[4]   ; No valid clock domain found ;
; DRAM_DQ[5]   ; No valid clock domain found ;
; DRAM_DQ[6]   ; No valid clock domain found ;
; DRAM_DQ[7]   ; No valid clock domain found ;
; DRAM_DQ[8]   ; No valid clock domain found ;
; DRAM_DQ[9]   ; No valid clock domain found ;
; DRAM_DQ[10]  ; No valid clock domain found ;
; DRAM_DQ[11]  ; No valid clock domain found ;
; DRAM_DQ[12]  ; No valid clock domain found ;
; DRAM_DQ[13]  ; No valid clock domain found ;
; DRAM_DQ[14]  ; No valid clock domain found ;
; DRAM_DQ[15]  ; No valid clock domain found ;
; DRAM_DQ[16]  ; No valid clock domain found ;
; DRAM_DQ[17]  ; No valid clock domain found ;
; DRAM_DQ[18]  ; No valid clock domain found ;
; DRAM_DQ[19]  ; No valid clock domain found ;
; DRAM_DQ[20]  ; No valid clock domain found ;
; DRAM_DQ[21]  ; No valid clock domain found ;
; DRAM_DQ[22]  ; No valid clock domain found ;
; DRAM_DQ[23]  ; No valid clock domain found ;
; DRAM_DQ[24]  ; No valid clock domain found ;
; DRAM_DQ[25]  ; No valid clock domain found ;
; DRAM_DQ[26]  ; No valid clock domain found ;
; DRAM_DQ[27]  ; No valid clock domain found ;
; DRAM_DQ[28]  ; No valid clock domain found ;
; DRAM_DQ[29]  ; No valid clock domain found ;
; DRAM_DQ[30]  ; No valid clock domain found ;
; DRAM_DQ[31]  ; No valid clock domain found ;
; SYS_CLK      ; No valid clock domain found ;
; KEY[0]       ; No valid clock domain found ;
; KEY[2]       ; No valid clock domain found ;
; KEY[3]       ; No valid clock domain found ;
+--------------+-----------------------------+


+-------------------------------------------------------------------------+
; Operating Conditions Used                                               ;
+---------------------------------------------+---------------------------+
; Setting                                     ; Value                     ;
+---------------------------------------------+---------------------------+
; Device power characteristics                ; Typical                   ;
;                                             ;                           ;
; Voltages                                    ;                           ;
;     VCCINT                                  ; 1.20 V                    ;
;     VCCA                                    ; 2.50 V                    ;
;     VCCD                                    ; 1.20 V                    ;
;     2.5 V I/O Standard                      ; 2.5 V                     ;
;                                             ;                           ;
; Auto computed junction temperature          ; 26.1 degrees Celsius      ;
;     Ambient temperature                     ; 25.0 degrees Celsius      ;
;     Junction-to-Case thermal resistance     ; 3.90 degrees Celsius/Watt ;
;     Case-to-Heat Sink thermal resistance    ; 0.10 degrees Celsius/Watt ;
;     Heat Sink-to-Ambient thermal resistance ; 2.50 degrees Celsius/Watt ;
;                                             ;                           ;
; Board model used                            ; None                      ;
+---------------------------------------------+---------------------------+


+----------------------------------------------------------------------------------------------------------------------------------------------+
; Thermal Power Dissipation by Block                                                                                                           ;
+------------+------------+---------------------+-----------------------------+--------------------------------+-------------------------------+
; Block Name ; Block Type ; Total Thermal Power ; Block Thermal Dynamic Power ; Block Thermal Static Power (1) ; Routing Thermal Dynamic Power ;
+------------+------------+---------------------+-----------------------------+--------------------------------+-------------------------------+
(1) The "Thermal Power Dissipation by Block" Table has been hidden. To show this table, please select the "Write power dissipation by block to report file" option under "PowerPlay Power Analyzer Settings".


+--------------------------------------------------------------------------------------------------------------------------------------------------------------------------------------------------------------------+
; Thermal Power Dissipation by Block Type                                                                                                                                                                            ;
+---------------------+-----------------------------------+-----------------------------+--------------------------------+-------------------------------+-----------------------------------------------------------+
; Block Type          ; Total Thermal Power by Block Type ; Block Thermal Dynamic Power ; Block Thermal Static Power (1) ; Routing Thermal Dynamic Power ; Block Average Toggle Rate (millions of transitions / sec) ;
+---------------------+-----------------------------------+-----------------------------+--------------------------------+-------------------------------+-----------------------------------------------------------+
; M9K                 ; 0.00 mW                           ; 0.00 mW                     ; --                             ; 0.00 mW                       ;    0.000                                                  ;
; Combinational cell  ; 0.00 mW                           ; 0.00 mW                     ; --                             ; 0.00 mW                       ;    0.000                                                  ;
; Clock control block ; 0.00 mW                           ; 0.00 mW                     ; --                             ; 0.00 mW                       ;    0.000                                                  ;
; Register cell       ; 0.00 mW                           ; 0.00 mW                     ; --                             ; 0.00 mW                       ;    0.000                                                  ;
; I/O                 ; 40.11 mW                          ; 0.00 mW                     ; 40.11 mW                       ; 0.00 mW                       ;    0.000                                                  ;
+---------------------+-----------------------------------+-----------------------------+--------------------------------+-------------------------------+-----------------------------------------------------------+
(1) The "Block Thermal Static Power" for all block types except Pins and the Voltage Regulator, if one exists, is part of the "Core Static Thermal Power Dissipation" value found on the PowerPlay Power Analyzer-->Summary report panel. The "Core Static Thermal Power Dissipation" also contains the thermal static power dissipated by the routing.


+----------------------------------------------------------------------------------------------------------------------------------------------------------------------------------------------------------------------------------------------------------------------------------------------------------------+
; Thermal Power Dissipation by Hierarchy                                                                                                                                                                                                                                                                         ;
+---------------------------------------------+--------------------------------------+---------------------------------+-----------------------------------+-----------------------------------+-----------------------------------------------------------------------------------------------------------------+
; Compilation Hierarchy Node                  ; Total Thermal Power by Hierarchy (1) ; Block Thermal Dynamic Power (1) ; Block Thermal Static Power (1)(2) ; Routing Thermal Dynamic Power (1) ; Full Hierarchy Name                                                                                             ;
+---------------------------------------------+--------------------------------------+---------------------------------+-----------------------------------+-----------------------------------+-----------------------------------------------------------------------------------------------------------------+
; |mario_cv_game                              ; 40.11 mW (40.11 mW)                  ; 0.00 mW (0.00 mW)               ; 40.11 mW (40.11 mW)               ; 0.00 mW (0.00 mW)                 ; |mario_cv_game                                                                                                  ;
;     |hard_block:auto_generated_inst         ; 0.00 mW (0.00 mW)                    ; 0.00 mW (0.00 mW)               ; --                                ; 0.00 mW (0.00 mW)                 ; |mario_cv_game|hard_block:auto_generated_inst                                                                   ;
;     |frame_controller:f_ctl                 ; 0.00 mW (0.00 mW)                    ; 0.00 mW (0.00 mW)               ; --                                ; 0.00 mW (0.00 mW)                 ; |mario_cv_game|frame_controller:f_ctl                                                                           ;
;         |Color_Mapper:color_mapper          ; 0.00 mW (0.00 mW)                    ; 0.00 mW (0.00 mW)               ; --                                ; 0.00 mW (0.00 mW)                 ; |mario_cv_game|frame_controller:f_ctl|Color_Mapper:color_mapper                                                 ;
;     |frame_number:f_num                     ; 0.00 mW (0.00 mW)                    ; 0.00 mW (0.00 mW)               ; --                                ; 0.00 mW (0.00 mW)                 ; |mario_cv_game|frame_number:f_num                                                                               ;
;     |RAM_param:fb_curr                      ; 0.00 mW (0.00 mW)                    ; 0.00 mW (0.00 mW)               ; --                                ; 0.00 mW (0.00 mW)                 ; |mario_cv_game|RAM_param:fb_curr                                                                                ;
;         |altsyncram:mem_rtl_0               ; 0.00 mW (0.00 mW)                    ; 0.00 mW (0.00 mW)               ; --                                ; 0.00 mW (0.00 mW)                 ; |mario_cv_game|RAM_param:fb_curr|altsyncram:mem_rtl_0                                                           ;
;             |altsyncram_inc1:auto_generated ; 0.00 mW (0.00 mW)                    ; 0.00 mW (0.00 mW)               ; --                                ; 0.00 mW (0.00 mW)                 ; |mario_cv_game|RAM_param:fb_curr|altsyncram:mem_rtl_0|altsyncram_inc1:auto_generated                            ;
;                 |mux_iob:mux3               ; 0.00 mW (0.00 mW)                    ; 0.00 mW (0.00 mW)               ; --                                ; 0.00 mW (0.00 mW)                 ; |mario_cv_game|RAM_param:fb_curr|altsyncram:mem_rtl_0|altsyncram_inc1:auto_generated|mux_iob:mux3               ;
;                 |decode_2aa:rden_decode_b   ; 0.00 mW (0.00 mW)                    ; 0.00 mW (0.00 mW)               ; --                                ; 0.00 mW (0.00 mW)                 ; |mario_cv_game|RAM_param:fb_curr|altsyncram:mem_rtl_0|altsyncram_inc1:auto_generated|decode_2aa:rden_decode_b   ;
;     |RAM_param:fb_update                    ; 0.00 mW (0.00 mW)                    ; 0.00 mW (0.00 mW)               ; --                                ; 0.00 mW (0.00 mW)                 ; |mario_cv_game|RAM_param:fb_update                                                                              ;
;         |altsyncram:mem_rtl_0               ; 0.00 mW (0.00 mW)                    ; 0.00 mW (0.00 mW)               ; --                                ; 0.00 mW (0.00 mW)                 ; |mario_cv_game|RAM_param:fb_update|altsyncram:mem_rtl_0                                                         ;
;             |altsyncram_inc1:auto_generated ; 0.00 mW (0.00 mW)                    ; 0.00 mW (0.00 mW)               ; --                                ; 0.00 mW (0.00 mW)                 ; |mario_cv_game|RAM_param:fb_update|altsyncram:mem_rtl_0|altsyncram_inc1:auto_generated                          ;
;                 |mux_iob:mux3               ; 0.00 mW (0.00 mW)                    ; 0.00 mW (0.00 mW)               ; --                                ; 0.00 mW (0.00 mW)                 ; |mario_cv_game|RAM_param:fb_update|altsyncram:mem_rtl_0|altsyncram_inc1:auto_generated|mux_iob:mux3             ;
;                 |decode_2aa:rden_decode_b   ; 0.00 mW (0.00 mW)                    ; 0.00 mW (0.00 mW)               ; --                                ; 0.00 mW (0.00 mW)                 ; |mario_cv_game|RAM_param:fb_update|altsyncram:mem_rtl_0|altsyncram_inc1:auto_generated|decode_2aa:rden_decode_b ;
;     |HexDriver:hex2_inst                    ; 0.00 mW (0.00 mW)                    ; 0.00 mW (0.00 mW)               ; --                                ; 0.00 mW (0.00 mW)                 ; |mario_cv_game|HexDriver:hex2_inst                                                                              ;
;     |sprite_controller:s_ctl                ; 0.00 mW (0.00 mW)                    ; 0.00 mW (0.00 mW)               ; --                                ; 0.00 mW (0.00 mW)                 ; |mario_cv_game|sprite_controller:s_ctl                                                                          ;
;     |sprite_fifo:sprite_height_fifo         ; 0.00 mW (0.00 mW)                    ; 0.00 mW (0.00 mW)               ; --                                ; 0.00 mW (0.00 mW)                 ; |mario_cv_game|sprite_fifo:sprite_height_fifo                                                                   ;
;         |altsyncram:buff_mem_rtl_0          ; 0.00 mW (0.00 mW)                    ; 0.00 mW (0.00 mW)               ; --                                ; 0.00 mW (0.00 mW)                 ; |mario_cv_game|sprite_fifo:sprite_height_fifo|altsyncram:buff_mem_rtl_0                                         ;
;             |altsyncram_bci1:auto_generated ; 0.00 mW (0.00 mW)                    ; 0.00 mW (0.00 mW)               ; --                                ; 0.00 mW (0.00 mW)                 ; |mario_cv_game|sprite_fifo:sprite_height_fifo|altsyncram:buff_mem_rtl_0|altsyncram_bci1:auto_generated          ;
;     |sprite_fifo:sprite_id_fifo             ; 0.00 mW (0.00 mW)                    ; 0.00 mW (0.00 mW)               ; --                                ; 0.00 mW (0.00 mW)                 ; |mario_cv_game|sprite_fifo:sprite_id_fifo                                                                       ;
;     |sprite_fifo:sprite_width_fifo          ; 0.00 mW (0.00 mW)                    ; 0.00 mW (0.00 mW)               ; --                                ; 0.00 mW (0.00 mW)                 ; |mario_cv_game|sprite_fifo:sprite_width_fifo                                                                    ;
;         |altsyncram:buff_mem_rtl_0          ; 0.00 mW (0.00 mW)                    ; 0.00 mW (0.00 mW)               ; --                                ; 0.00 mW (0.00 mW)                 ; |mario_cv_game|sprite_fifo:sprite_width_fifo|altsyncram:buff_mem_rtl_0                                          ;
;             |altsyncram_dci1:auto_generated ; 0.00 mW (0.00 mW)                    ; 0.00 mW (0.00 mW)               ; --                                ; 0.00 mW (0.00 mW)                 ; |mario_cv_game|sprite_fifo:sprite_width_fifo|altsyncram:buff_mem_rtl_0|altsyncram_dci1:auto_generated           ;
;     |sprite_fifo:sprite_x_fifo              ; 0.00 mW (0.00 mW)                    ; 0.00 mW (0.00 mW)               ; --                                ; 0.00 mW (0.00 mW)                 ; |mario_cv_game|sprite_fifo:sprite_x_fifo                                                                        ;
;         |altsyncram:buff_mem_rtl_0          ; 0.00 mW (0.00 mW)                    ; 0.00 mW (0.00 mW)               ; --                                ; 0.00 mW (0.00 mW)                 ; |mario_cv_game|sprite_fifo:sprite_x_fifo|altsyncram:buff_mem_rtl_0                                              ;
;     |sprite_fifo:sprite_y_fifo              ; 0.00 mW (0.00 mW)                    ; 0.00 mW (0.00 mW)               ; --                                ; 0.00 mW (0.00 mW)                 ; |mario_cv_game|sprite_fifo:sprite_y_fifo                                                                        ;
;         |altsyncram:buff_mem_rtl_0          ; 0.00 mW (0.00 mW)                    ; 0.00 mW (0.00 mW)               ; --                                ; 0.00 mW (0.00 mW)                 ; |mario_cv_game|sprite_fifo:sprite_y_fifo|altsyncram:buff_mem_rtl_0                                              ;
;     |VGA_controller:vga_controller          ; 0.00 mW (0.00 mW)                    ; 0.00 mW (0.00 mW)               ; --                                ; 0.00 mW (0.00 mW)                 ; |mario_cv_game|VGA_controller:vga_controller                                                                    ;
+---------------------------------------------+--------------------------------------+---------------------------------+-----------------------------------+-----------------------------------+-----------------------------------------------------------------------------------------------------------------+
(1) Value in parentheses is the power consumed at that level of hierarchy. Value not in parentheses is the power consumed at that level of hierarchy plus the power consumed by all levels of hierarchy below it.

(2) The "Block Thermal Static Power" for all levels of hierarchy except the top-level hierarchy is part of the "Core Static Thermal Power Dissipation" value found on the PowerPlay Power Analyzer-->Summary report panel. The "Core Static Thermal Power Dissipation" also contains the thermal static power dissipated by the routing.


+--------------------------------------------------------------------+
; Core Dynamic Thermal Power Dissipation by Clock Domain             ;
+-----------------+-----------------------+--------------------------+
; Clock Domain    ; Clock Frequency (MHz) ; Total Core Dynamic Power ;
+-----------------+-----------------------+--------------------------+
; No clock domain ; 0.00                  ; 0.00                     ;
+-----------------+-----------------------+--------------------------+


+------------------------------------------------------------------------------------------------------------------------------------+
; Current Drawn from Voltage Supplies Summary                                                                                        ;
+----------------+-------------------------+---------------------------+--------------------------+----------------------------------+
; Voltage Supply ; Total Current Drawn (1) ; Dynamic Current Drawn (1) ; Static Current Drawn (1) ; Minimum Power Supply Current (2) ;
+----------------+-------------------------+---------------------------+--------------------------+----------------------------------+
; VCCINT         ; 38.65 mA                ; 0.00 mA                   ; 38.65 mA                 ; 38.65 mA                         ;
; VCCIO          ; 12.69 mA                ; 0.00 mA                   ; 12.69 mA                 ; 12.69 mA                         ;
; VCCA           ; 35.01 mA                ; 0.00 mA                   ; 35.01 mA                 ; 35.01 mA                         ;
; VCCD           ; 2.73 mA                 ; 0.00 mA                   ; 2.73 mA                  ; 2.73 mA                          ;
+----------------+-------------------------+---------------------------+--------------------------+----------------------------------+
(1) Currents reported in columns "Total Current Drawn", "Dynamic Current Drawn", and "Static Current Drawn" are sufficient for user operation of the device.  
(2) Currents reported in column "Minimum Power Supply Current" are sufficient for power-up, configuration, and user operation of the device.


+-----------------------------------------------------------------------------------------------+
; VCCIO Supply Current Drawn by I/O Bank                                                        ;
+----------+---------------+---------------------+-----------------------+----------------------+
; I/O Bank ; VCCIO Voltage ; Total Current Drawn ; Dynamic Current Drawn ; Static Current Drawn ;
+----------+---------------+---------------------+-----------------------+----------------------+
; 1        ; 2.5V          ; 1.63 mA             ; 0.00 mA               ; 1.63 mA              ;
; 2        ; 2.5V          ; 1.68 mA             ; 0.00 mA               ; 1.68 mA              ;
; 3        ; 2.5V          ; 1.51 mA             ; 0.00 mA               ; 1.51 mA              ;
; 4        ; 2.5V          ; 1.63 mA             ; 0.00 mA               ; 1.63 mA              ;
; 5        ; 2.5V          ; 1.56 mA             ; 0.00 mA               ; 1.56 mA              ;
; 6        ; 2.5V          ; 1.54 mA             ; 0.00 mA               ; 1.54 mA              ;
; 7        ; 2.5V          ; 1.52 mA             ; 0.00 mA               ; 1.52 mA              ;
; 8        ; 2.5V          ; 1.64 mA             ; 0.00 mA               ; 1.64 mA              ;
+----------+---------------+---------------------+-----------------------+----------------------+


+-----------------------------------------------------------------------------------------------------------------------------------+
; VCCIO Supply Current Drawn by Voltage                                                                                             ;
+---------------+-------------------------+---------------------------+--------------------------+----------------------------------+
; VCCIO Voltage ; Total Current Drawn (1) ; Dynamic Current Drawn (1) ; Static Current Drawn (1) ; Minimum Power Supply Current (2) ;
+---------------+-------------------------+---------------------------+--------------------------+----------------------------------+
; 2.5V          ; 12.69 mA                ; 0.00 mA                   ; 12.69 mA                 ; 12.69 mA                         ;
+---------------+-------------------------+---------------------------+--------------------------+----------------------------------+
(1) Currents reported in columns "Total Current Drawn", "Dynamic Current Drawn", and "Static Current Drawn" are sufficient for user operation of the device.  
(2) Currents reported in column "Minimum Power Supply Current" are sufficient for power-up, configuration, and user operation of the device.


+----------------------------------------------------------------------------------------------------------------------------------------------------+
; Confidence Metric Details                                                                                                                          ;
+----------------------------------------------------------------------------------------+--------------+-------------+--------------+---------------+
; Data Source                                                                            ; Total        ; Pin         ; Registered   ; Combinational ;
+----------------------------------------------------------------------------------------+--------------+-------------+--------------+---------------+
; Simulation (from file)                                                                 ;              ;             ;              ;               ;
;     -- Number of signals with Toggle Rate from Simulation                              ; 0 (0.0%)     ; 0 (0.0%)    ; 0 (0.0%)     ; 0 (0.0%)      ;
;     -- Number of signals with Static Probability from Simulation                       ; 0 (0.0%)     ; 0 (0.0%)    ; 0 (0.0%)     ; 0 (0.0%)      ;
;                                                                                        ;              ;             ;              ;               ;
; Node, entity or clock assignment                                                       ;              ;             ;              ;               ;
;     -- Number of signals with Toggle Rate from Node, entity or clock assignment        ; 0 (0.0%)     ; 0 (0.0%)    ; 0 (0.0%)     ; 0 (0.0%)      ;
;     -- Number of signals with Static Probability from Node, entity or clock assignment ; 0 (0.0%)     ; 0 (0.0%)    ; 0 (0.0%)     ; 0 (0.0%)      ;
;                                                                                        ;              ;             ;              ;               ;
; Vectorless estimation                                                                  ;              ;             ;              ;               ;
;     -- Number of signals with Toggle Rate from Vectorless estimation                   ; 2859 (98.0%) ; 167 (74.2%) ; 641 (100.0%) ; 2051 (100.0%) ;
;     -- Number of signals with Zero toggle rate, from Vectorless estimation             ; 285 (9.8%)   ; 139 (61.8%) ; 0 (0.0%)     ; 146 (7.1%)    ;
;     -- Number of signals with Static Probability from Vectorless estimation            ; 2859 (98.0%) ; 167 (74.2%) ; 641 (100.0%) ; 2051 (100.0%) ;
;                                                                                        ;              ;             ;              ;               ;
; Default assignment                                                                     ;              ;             ;              ;               ;
;     -- Number of signals with Toggle Rate from Default assignment                      ; 0 (0.0%)     ; 0 (0.0%)    ; 0 (0.0%)     ; 0 (0.0%)      ;
;     -- Number of signals with Static Probability from Default assignment               ; 58 (2.0%)    ; 58 (25.8%)  ; 0 (0.0%)     ; 0 (0.0%)      ;
;                                                                                        ;              ;             ;              ;               ;
; Assumed 0                                                                              ;              ;             ;              ;               ;
;     -- Number of signals with Toggle Rate assumed 0                                    ; 58 (2.0%)    ; 58 (25.8%)  ; 0 (0.0%)     ; 0 (0.0%)      ;
+----------------------------------------------------------------------------------------+--------------+-------------+--------------+---------------+


+---------------------------------------------------------------------------------------------------------------------------------------------+
; Signal Activities                                                                                                                           ;
+--------+------+---------------------------------------------+-------------------------+--------------------+--------------------------------+
; Signal ; Type ; Toggle Rate (millions of transitions / sec) ; Toggle Rate Data Source ; Static Probability ; Static Probability Data Source ;
+--------+------+---------------------------------------------+-------------------------+--------------------+--------------------------------+
(1) The "Signal Activity" Table has been hidden. To show this table, please select the "Write signal activities to report file" option under "PowerPlay Power Analyzer Settings".


+-------------------------+
; Power Analyzer Messages ;
+-------------------------+
Info: *******************************************************************
Info: Running Quartus Prime Power Analyzer
    Info: Version 18.1.0 Build 625 09/12/2018 SJ Lite Edition
    Info: Processing started: Tue Dec 11 22:40:46 2018
Info: Command: quartus_pow --read_settings_files=off --write_settings_files=off mario_cv_game -c mario_cv_game
Info (21077): Low junction temperature is 0 degrees C
Info (21077): High junction temperature is 85 degrees C
Critical Warning (332012): Synopsys Design Constraints File file not found: 'output_files/mario_cv_game.sdc'. A Synopsys Design Constraints File is required by the Timing Analyzer to get proper timing constraints. Without it, the Compiler will not properly optimize the design.
Info (332104): Reading SDC File: '/home/joey/courses/ece385/final_project/db/ip/final_project/submodules/altera_avalon_st_handshake_clock_crosser.sdc'
Warning (332174): Ignored filter at altera_avalon_st_handshake_clock_crosser.sdc(32): *altera_avalon_st_clock_crosser:*|in_data_buffer* could not be matched with a register File: /home/joey/courses/ece385/final_project/db/ip/final_project/submodules/altera_avalon_st_handshake_clock_crosser.sdc Line: 32
Warning (332174): Ignored filter at altera_avalon_st_handshake_clock_crosser.sdc(32): *altera_avalon_st_clock_crosser:*|out_data_buffer* could not be matched with a register File: /home/joey/courses/ece385/final_project/db/ip/final_project/submodules/altera_avalon_st_handshake_clock_crosser.sdc Line: 32
Warning (332049): Ignored set_max_delay at altera_avalon_st_handshake_clock_crosser.sdc(32): Argument <from> is an empty collection File: /home/joey/courses/ece385/final_project/db/ip/final_project/submodules/altera_avalon_st_handshake_clock_crosser.sdc Line: 32
    Info (332050): set_max_delay -from [get_registers *${crosser_entity}*|in_data_buffer* ] -to [get_registers *${crosser_entity}*|out_data_buffer* ] 100 File: /home/joey/courses/ece385/final_project/db/ip/final_project/submodules/altera_avalon_st_handshake_clock_crosser.sdc Line: 32
Warning (332049): Ignored set_max_delay at altera_avalon_st_handshake_clock_crosser.sdc(32): Argument <to> is an empty collection File: /home/joey/courses/ece385/final_project/db/ip/final_project/submodules/altera_avalon_st_handshake_clock_crosser.sdc Line: 32
Warning (332049): Ignored set_min_delay at altera_avalon_st_handshake_clock_crosser.sdc(33): Argument <from> is an empty collection File: /home/joey/courses/ece385/final_project/db/ip/final_project/submodules/altera_avalon_st_handshake_clock_crosser.sdc Line: 33
    Info (332050): set_min_delay -from [get_registers *${crosser_entity}*|in_data_buffer* ] -to [get_registers *${crosser_entity}*|out_data_buffer* ] -100 File: /home/joey/courses/ece385/final_project/db/ip/final_project/submodules/altera_avalon_st_handshake_clock_crosser.sdc Line: 33
Warning (332049): Ignored set_min_delay at altera_avalon_st_handshake_clock_crosser.sdc(33): Argument <to> is an empty collection File: /home/joey/courses/ece385/final_project/db/ip/final_project/submodules/altera_avalon_st_handshake_clock_crosser.sdc Line: 33
Warning (332174): Ignored filter at altera_avalon_st_handshake_clock_crosser.sdc(36): *altera_avalon_st_clock_crosser:*|altera_std_synchronizer_nocut:*|din_s1 could not be matched with a register File: /home/joey/courses/ece385/final_project/db/ip/final_project/submodules/altera_avalon_st_handshake_clock_crosser.sdc Line: 36
Warning (332049): Ignored set_max_delay at altera_avalon_st_handshake_clock_crosser.sdc(36): Argument <to> is an empty collection File: /home/joey/courses/ece385/final_project/db/ip/final_project/submodules/altera_avalon_st_handshake_clock_crosser.sdc Line: 36
    Info (332050): set_max_delay -from [get_registers * ] -to [get_registers *${sync_entity}*|din_s1 ] 100 File: /home/joey/courses/ece385/final_project/db/ip/final_project/submodules/altera_avalon_st_handshake_clock_crosser.sdc Line: 36
Warning (332049): Ignored set_min_delay at altera_avalon_st_handshake_clock_crosser.sdc(37): Argument <to> is an empty collection File: /home/joey/courses/ece385/final_project/db/ip/final_project/submodules/altera_avalon_st_handshake_clock_crosser.sdc Line: 37
    Info (332050): set_min_delay -from [get_registers * ] -to [get_registers *${sync_entity}*|din_s1 ] -100 File: /home/joey/courses/ece385/final_project/db/ip/final_project/submodules/altera_avalon_st_handshake_clock_crosser.sdc Line: 37
Warning (332049): Ignored set_net_delay at altera_avalon_st_handshake_clock_crosser.sdc(43): argument -from with value [get_registers {*altera_avalon_st_clock_crosser:*|in_data_buffer*}] contains zero elements File: /home/joey/courses/ece385/final_project/db/ip/final_project/submodules/altera_avalon_st_handshake_clock_crosser.sdc Line: 43
    Info (332050): set_net_delay -from [get_registers *${crosser_entity}*|in_data_buffer* ] -to [get_registers *${crosser_entity}*|out_data_buffer* ] -max 2 File: /home/joey/courses/ece385/final_project/db/ip/final_project/submodules/altera_avalon_st_handshake_clock_crosser.sdc Line: 43
Warning (332049): Ignored set_net_delay at altera_avalon_st_handshake_clock_crosser.sdc(44): argument -to with value [get_registers {*altera_avalon_st_clock_crosser:*|altera_std_synchronizer_nocut:*|din_s1}] contains zero elements File: /home/joey/courses/ece385/final_project/db/ip/final_project/submodules/altera_avalon_st_handshake_clock_crosser.sdc Line: 44
    Info (332050): set_net_delay -from [get_registers * ] -to [get_registers *${sync_entity}*|din_s1 ] -max 2 File: /home/joey/courses/ece385/final_project/db/ip/final_project/submodules/altera_avalon_st_handshake_clock_crosser.sdc Line: 44
Info (332104): Reading SDC File: '/home/joey/courses/ece385/final_project/db/ip/final_project/submodules/altera_reset_controller.sdc'
Info (332104): Reading SDC File: '/home/joey/courses/ece385/final_project/db/ip/final_project/submodules/final_project_nios2_gen2_0_cpu.sdc'
Warning (332174): Ignored filter at final_project_nios2_gen2_0_cpu.sdc(46): *final_project_nios2_gen2_0_cpu:*|final_project_nios2_gen2_0_cpu_nios2_oci:the_final_project_nios2_gen2_0_cpu_nios2_oci|final_project_nios2_gen2_0_cpu_nios2_oci_break:the_final_project_nios2_gen2_0_cpu_nios2_oci_break|break_readreg* could not be matched with a keeper File: /home/joey/courses/ece385/final_project/db/ip/final_project/submodules/final_project_nios2_gen2_0_cpu.sdc Line: 46
Warning (332174): Ignored filter at final_project_nios2_gen2_0_cpu.sdc(46): *final_project_nios2_gen2_0_cpu:*|final_project_nios2_gen2_0_cpu_nios2_oci:the_final_project_nios2_gen2_0_cpu_nios2_oci|final_project_nios2_gen2_0_cpu_debug_slave_wrapper:the_final_project_nios2_gen2_0_cpu_debug_slave_wrapper|final_project_nios2_gen2_0_cpu_debug_slave_tck:the_final_project_nios2_gen2_0_cpu_debug_slave_tck|*sr* could not be matched with a keeper File: /home/joey/courses/ece385/final_project/db/ip/final_project/submodules/final_project_nios2_gen2_0_cpu.sdc Line: 46
Warning (332049): Ignored set_false_path at final_project_nios2_gen2_0_cpu.sdc(46): Argument <from> is an empty collection File: /home/joey/courses/ece385/final_project/db/ip/final_project/submodules/final_project_nios2_gen2_0_cpu.sdc Line: 46
    Info (332050): set_false_path -from [get_keepers *$final_project_nios2_gen2_0_cpu_oci_break_path|break_readreg*] -to [get_keepers *$final_project_nios2_gen2_0_cpu_jtag_sr*] File: /home/joey/courses/ece385/final_project/db/ip/final_project/submodules/final_project_nios2_gen2_0_cpu.sdc Line: 46
Warning (332049): Ignored set_false_path at final_project_nios2_gen2_0_cpu.sdc(46): Argument <to> is an empty collection File: /home/joey/courses/ece385/final_project/db/ip/final_project/submodules/final_project_nios2_gen2_0_cpu.sdc Line: 46
Warning (332174): Ignored filter at final_project_nios2_gen2_0_cpu.sdc(47): *final_project_nios2_gen2_0_cpu:*|final_project_nios2_gen2_0_cpu_nios2_oci:the_final_project_nios2_gen2_0_cpu_nios2_oci|final_project_nios2_gen2_0_cpu_nios2_oci_debug:the_final_project_nios2_gen2_0_cpu_nios2_oci_debug|*resetlatch could not be matched with a keeper File: /home/joey/courses/ece385/final_project/db/ip/final_project/submodules/final_project_nios2_gen2_0_cpu.sdc Line: 47
Warning (332174): Ignored filter at final_project_nios2_gen2_0_cpu.sdc(47): *final_project_nios2_gen2_0_cpu:*|final_project_nios2_gen2_0_cpu_nios2_oci:the_final_project_nios2_gen2_0_cpu_nios2_oci|final_project_nios2_gen2_0_cpu_debug_slave_wrapper:the_final_project_nios2_gen2_0_cpu_debug_slave_wrapper|final_project_nios2_gen2_0_cpu_debug_slave_tck:the_final_project_nios2_gen2_0_cpu_debug_slave_tck|*sr[33] could not be matched with a keeper File: /home/joey/courses/ece385/final_project/db/ip/final_project/submodules/final_project_nios2_gen2_0_cpu.sdc Line: 47
Warning (332049): Ignored set_false_path at final_project_nios2_gen2_0_cpu.sdc(47): Argument <from> is an empty collection File: /home/joey/courses/ece385/final_project/db/ip/final_project/submodules/final_project_nios2_gen2_0_cpu.sdc Line: 47
    Info (332050): set_false_path -from [get_keepers *$final_project_nios2_gen2_0_cpu_oci_debug_path|*resetlatch]     -to [get_keepers *$final_project_nios2_gen2_0_cpu_jtag_sr[33]] File: /home/joey/courses/ece385/final_project/db/ip/final_project/submodules/final_project_nios2_gen2_0_cpu.sdc Line: 47
Warning (332049): Ignored set_false_path at final_project_nios2_gen2_0_cpu.sdc(47): Argument <to> is an empty collection File: /home/joey/courses/ece385/final_project/db/ip/final_project/submodules/final_project_nios2_gen2_0_cpu.sdc Line: 47
Warning (332174): Ignored filter at final_project_nios2_gen2_0_cpu.sdc(48): *final_project_nios2_gen2_0_cpu:*|final_project_nios2_gen2_0_cpu_nios2_oci:the_final_project_nios2_gen2_0_cpu_nios2_oci|final_project_nios2_gen2_0_cpu_nios2_oci_debug:the_final_project_nios2_gen2_0_cpu_nios2_oci_debug|monitor_ready could not be matched with a keeper File: /home/joey/courses/ece385/final_project/db/ip/final_project/submodules/final_project_nios2_gen2_0_cpu.sdc Line: 48
Warning (332174): Ignored filter at final_project_nios2_gen2_0_cpu.sdc(48): *final_project_nios2_gen2_0_cpu:*|final_project_nios2_gen2_0_cpu_nios2_oci:the_final_project_nios2_gen2_0_cpu_nios2_oci|final_project_nios2_gen2_0_cpu_debug_slave_wrapper:the_final_project_nios2_gen2_0_cpu_debug_slave_wrapper|final_project_nios2_gen2_0_cpu_debug_slave_tck:the_final_project_nios2_gen2_0_cpu_debug_slave_tck|*sr[0] could not be matched with a keeper File: /home/joey/courses/ece385/final_project/db/ip/final_project/submodules/final_project_nios2_gen2_0_cpu.sdc Line: 48
Warning (332049): Ignored set_false_path at final_project_nios2_gen2_0_cpu.sdc(48): Argument <from> is an empty collection File: /home/joey/courses/ece385/final_project/db/ip/final_project/submodules/final_project_nios2_gen2_0_cpu.sdc Line: 48
    Info (332050): set_false_path -from [get_keepers *$final_project_nios2_gen2_0_cpu_oci_debug_path|monitor_ready]  -to [get_keepers *$final_project_nios2_gen2_0_cpu_jtag_sr[0]] File: /home/joey/courses/ece385/final_project/db/ip/final_project/submodules/final_project_nios2_gen2_0_cpu.sdc Line: 48
Warning (332049): Ignored set_false_path at final_project_nios2_gen2_0_cpu.sdc(48): Argument <to> is an empty collection File: /home/joey/courses/ece385/final_project/db/ip/final_project/submodules/final_project_nios2_gen2_0_cpu.sdc Line: 48
Warning (332174): Ignored filter at final_project_nios2_gen2_0_cpu.sdc(49): *final_project_nios2_gen2_0_cpu:*|final_project_nios2_gen2_0_cpu_nios2_oci:the_final_project_nios2_gen2_0_cpu_nios2_oci|final_project_nios2_gen2_0_cpu_nios2_oci_debug:the_final_project_nios2_gen2_0_cpu_nios2_oci_debug|monitor_error could not be matched with a keeper File: /home/joey/courses/ece385/final_project/db/ip/final_project/submodules/final_project_nios2_gen2_0_cpu.sdc Line: 49
Warning (332174): Ignored filter at final_project_nios2_gen2_0_cpu.sdc(49): *final_project_nios2_gen2_0_cpu:*|final_project_nios2_gen2_0_cpu_nios2_oci:the_final_project_nios2_gen2_0_cpu_nios2_oci|final_project_nios2_gen2_0_cpu_debug_slave_wrapper:the_final_project_nios2_gen2_0_cpu_debug_slave_wrapper|final_project_nios2_gen2_0_cpu_debug_slave_tck:the_final_project_nios2_gen2_0_cpu_debug_slave_tck|*sr[34] could not be matched with a keeper File: /home/joey/courses/ece385/final_project/db/ip/final_project/submodules/final_project_nios2_gen2_0_cpu.sdc Line: 49
Warning (332049): Ignored set_false_path at final_project_nios2_gen2_0_cpu.sdc(49): Argument <from> is an empty collection File: /home/joey/courses/ece385/final_project/db/ip/final_project/submodules/final_project_nios2_gen2_0_cpu.sdc Line: 49
    Info (332050): set_false_path -from [get_keepers *$final_project_nios2_gen2_0_cpu_oci_debug_path|monitor_error]  -to [get_keepers *$final_project_nios2_gen2_0_cpu_jtag_sr[34]] File: /home/joey/courses/ece385/final_project/db/ip/final_project/submodules/final_project_nios2_gen2_0_cpu.sdc Line: 49
Warning (332049): Ignored set_false_path at final_project_nios2_gen2_0_cpu.sdc(49): Argument <to> is an empty collection File: /home/joey/courses/ece385/final_project/db/ip/final_project/submodules/final_project_nios2_gen2_0_cpu.sdc Line: 49
Warning (332174): Ignored filter at final_project_nios2_gen2_0_cpu.sdc(50): *final_project_nios2_gen2_0_cpu:*|final_project_nios2_gen2_0_cpu_nios2_oci:the_final_project_nios2_gen2_0_cpu_nios2_oci|final_project_nios2_gen2_0_cpu_nios2_ocimem:the_final_project_nios2_gen2_0_cpu_nios2_ocimem|*MonDReg* could not be matched with a keeper File: /home/joey/courses/ece385/final_project/db/ip/final_project/submodules/final_project_nios2_gen2_0_cpu.sdc Line: 50
Warning (332049): Ignored set_false_path at final_project_nios2_gen2_0_cpu.sdc(50): Argument <from> is an empty collection File: /home/joey/courses/ece385/final_project/db/ip/final_project/submodules/final_project_nios2_gen2_0_cpu.sdc Line: 50
    Info (332050): set_false_path -from [get_keepers *$final_project_nios2_gen2_0_cpu_ocimem_path|*MonDReg*] -to [get_keepers *$final_project_nios2_gen2_0_cpu_jtag_sr*] File: /home/joey/courses/ece385/final_project/db/ip/final_project/submodules/final_project_nios2_gen2_0_cpu.sdc Line: 50
Warning (332049): Ignored set_false_path at final_project_nios2_gen2_0_cpu.sdc(50): Argument <to> is an empty collection File: /home/joey/courses/ece385/final_project/db/ip/final_project/submodules/final_project_nios2_gen2_0_cpu.sdc Line: 50
Warning (332174): Ignored filter at final_project_nios2_gen2_0_cpu.sdc(51): *final_project_nios2_gen2_0_cpu:*|final_project_nios2_gen2_0_cpu_nios2_oci:the_final_project_nios2_gen2_0_cpu_nios2_oci|final_project_nios2_gen2_0_cpu_debug_slave_wrapper:the_final_project_nios2_gen2_0_cpu_debug_slave_wrapper|final_project_nios2_gen2_0_cpu_debug_slave_tck:the_final_project_nios2_gen2_0_cpu_debug_slave_tck|*sr* could not be matched with a clock or keeper or register or port or pin or cell or partition File: /home/joey/courses/ece385/final_project/db/ip/final_project/submodules/final_project_nios2_gen2_0_cpu.sdc Line: 51
Warning (332174): Ignored filter at final_project_nios2_gen2_0_cpu.sdc(51): *final_project_nios2_gen2_0_cpu:*|final_project_nios2_gen2_0_cpu_nios2_oci:the_final_project_nios2_gen2_0_cpu_nios2_oci|final_project_nios2_gen2_0_cpu_debug_slave_wrapper:the_final_project_nios2_gen2_0_cpu_debug_slave_wrapper|final_project_nios2_gen2_0_cpu_debug_slave_sysclk:the_final_project_nios2_gen2_0_cpu_debug_slave_sysclk|*jdo* could not be matched with a clock or keeper or register or port or pin or cell or partition File: /home/joey/courses/ece385/final_project/db/ip/final_project/submodules/final_project_nios2_gen2_0_cpu.sdc Line: 51
Warning (332049): Ignored set_false_path at final_project_nios2_gen2_0_cpu.sdc(51): Argument <from> is not an object ID File: /home/joey/courses/ece385/final_project/db/ip/final_project/submodules/final_project_nios2_gen2_0_cpu.sdc Line: 51
    Info (332050): set_false_path -from *$final_project_nios2_gen2_0_cpu_jtag_sr*    -to *$final_project_nios2_gen2_0_cpu_jtag_sysclk_path|*jdo* File: /home/joey/courses/ece385/final_project/db/ip/final_project/submodules/final_project_nios2_gen2_0_cpu.sdc Line: 51
Warning (332049): Ignored set_false_path at final_project_nios2_gen2_0_cpu.sdc(51): Argument <to> is not an object ID File: /home/joey/courses/ece385/final_project/db/ip/final_project/submodules/final_project_nios2_gen2_0_cpu.sdc Line: 51
Warning (332174): Ignored filter at final_project_nios2_gen2_0_cpu.sdc(52): sld_hub:*|irf_reg* could not be matched with a clock or keeper or register or port or pin or cell or partition File: /home/joey/courses/ece385/final_project/db/ip/final_project/submodules/final_project_nios2_gen2_0_cpu.sdc Line: 52
Warning (332174): Ignored filter at final_project_nios2_gen2_0_cpu.sdc(52): *final_project_nios2_gen2_0_cpu:*|final_project_nios2_gen2_0_cpu_nios2_oci:the_final_project_nios2_gen2_0_cpu_nios2_oci|final_project_nios2_gen2_0_cpu_debug_slave_wrapper:the_final_project_nios2_gen2_0_cpu_debug_slave_wrapper|final_project_nios2_gen2_0_cpu_debug_slave_sysclk:the_final_project_nios2_gen2_0_cpu_debug_slave_sysclk|ir* could not be matched with a clock or keeper or register or port or pin or cell or partition File: /home/joey/courses/ece385/final_project/db/ip/final_project/submodules/final_project_nios2_gen2_0_cpu.sdc Line: 52
Warning (332049): Ignored set_false_path at final_project_nios2_gen2_0_cpu.sdc(52): Argument <from> is not an object ID File: /home/joey/courses/ece385/final_project/db/ip/final_project/submodules/final_project_nios2_gen2_0_cpu.sdc Line: 52
    Info (332050): set_false_path -from sld_hub:*|irf_reg* -to *$final_project_nios2_gen2_0_cpu_jtag_sysclk_path|ir* File: /home/joey/courses/ece385/final_project/db/ip/final_project/submodules/final_project_nios2_gen2_0_cpu.sdc Line: 52
Warning (332049): Ignored set_false_path at final_project_nios2_gen2_0_cpu.sdc(52): Argument <to> is not an object ID File: /home/joey/courses/ece385/final_project/db/ip/final_project/submodules/final_project_nios2_gen2_0_cpu.sdc Line: 52
Warning (332174): Ignored filter at final_project_nios2_gen2_0_cpu.sdc(53): sld_hub:*|sld_shadow_jsm:shadow_jsm|state[1] could not be matched with a clock or keeper or register or port or pin or cell or partition File: /home/joey/courses/ece385/final_project/db/ip/final_project/submodules/final_project_nios2_gen2_0_cpu.sdc Line: 53
Warning (332174): Ignored filter at final_project_nios2_gen2_0_cpu.sdc(53): *final_project_nios2_gen2_0_cpu:*|final_project_nios2_gen2_0_cpu_nios2_oci:the_final_project_nios2_gen2_0_cpu_nios2_oci|final_project_nios2_gen2_0_cpu_nios2_oci_debug:the_final_project_nios2_gen2_0_cpu_nios2_oci_debug|monitor_go could not be matched with a clock or keeper or register or port or pin or cell or partition File: /home/joey/courses/ece385/final_project/db/ip/final_project/submodules/final_project_nios2_gen2_0_cpu.sdc Line: 53
Warning (332049): Ignored set_false_path at final_project_nios2_gen2_0_cpu.sdc(53): Argument <from> is not an object ID File: /home/joey/courses/ece385/final_project/db/ip/final_project/submodules/final_project_nios2_gen2_0_cpu.sdc Line: 53
    Info (332050): set_false_path -from sld_hub:*|sld_shadow_jsm:shadow_jsm|state[1] -to *$final_project_nios2_gen2_0_cpu_oci_debug_path|monitor_go File: /home/joey/courses/ece385/final_project/db/ip/final_project/submodules/final_project_nios2_gen2_0_cpu.sdc Line: 53
Warning (332049): Ignored set_false_path at final_project_nios2_gen2_0_cpu.sdc(53): Argument <to> is not an object ID File: /home/joey/courses/ece385/final_project/db/ip/final_project/submodules/final_project_nios2_gen2_0_cpu.sdc Line: 53
Warning (332060): Node: SYS_CLK was determined to be a clock but was found without an associated clock assignment.
    Info (13166): Register VGA_controller:vga_controller|VGA_CLK is being clocked by SYS_CLK
Warning (332060): Node: VGA_controller:vga_controller|VGA_CLK was determined to be a clock but was found without an associated clock assignment.
    Info (13166): Register VGA_controller:vga_controller|v_counter[6] is being clocked by VGA_controller:vga_controller|VGA_CLK
Warning (332060): Node: frame_end was determined to be a clock but was found without an associated clock assignment.
    Info (13166): Register frame_number:f_num|frame_num is being clocked by frame_end
Warning (332068): No clocks defined in design.
Info (223000): Starting Vectorless Power Activity Estimation
Warning (222013): Relative toggle rates could not be calculated because no clock domain could be identified for some nodes
Info (223001): Completed Vectorless Power Activity Estimation
Info (218000): Using Advanced I/O Power to simulate I/O buffers with the specified board trace model
Info (334003): Started post-fitting delay annotation
Info (334004): Delay annotation completed successfully
Info (215049): Average toggle rate for this design is 0.000 millions of transitions / sec
Info (215031): Total thermal power estimate for the design is 168.78 mW
Info: Quartus Prime Power Analyzer was successful. 0 errors, 48 warnings
    Info: Peak virtual memory: 1298 megabytes
    Info: Processing ended: Tue Dec 11 22:40:52 2018
    Info: Elapsed time: 00:00:06
    Info: Total CPU time (on all processors): 00:00:07


