Analysis & Synthesis report for mario_cv_game
Thu Nov 22 21:42:45 2018
Quartus Prime Version 18.1.0 Build 625 09/12/2018 SJ Lite Edition


---------------------
; Table of Contents ;
---------------------
  1. Legal Notice
  2. Analysis & Synthesis Summary
  3. Analysis & Synthesis Settings
  4. Parallel Compilation
  5. Analysis & Synthesis Messages
  6. Analysis & Synthesis Suppressed Messages



----------------
; Legal Notice ;
----------------
Copyright (C) 2018  Intel Corporation. All rights reserved.
Your use of Intel Corporation's design tools, logic functions 
and other software and tools, and its AMPP partner logic 
functions, and any output files from any of the foregoing 
(including device programming or simulation files), and any 
associated documentation or information are expressly subject 
to the terms and conditions of the Intel Program License 
Subscription Agreement, the Intel Quartus Prime License Agreement,
the Intel FPGA IP License Agreement, or other applicable license
agreement, including, without limitation, that your use is for
the sole purpose of programming logic devices manufactured by
Intel and sold by Intel or its authorized distributors.  Please
refer to the applicable agreement for further details.



+----------------------------------------------------------------------------------+
; Analysis & Synthesis Summary                                                     ;
+------------------------------------+---------------------------------------------+
; Analysis & Synthesis Status        ; Failed - Thu Nov 22 21:42:45 2018           ;
; Quartus Prime Version              ; 18.1.0 Build 625 09/12/2018 SJ Lite Edition ;
; Revision Name                      ; mario_cv_game                               ;
; Top-level Entity Name              ; mario_cv_game                               ;
; Family                             ; Cyclone IV E                                ;
; Total logic elements               ; N/A until Partition Merge                   ;
;     Total combinational functions  ; N/A until Partition Merge                   ;
;     Dedicated logic registers      ; N/A until Partition Merge                   ;
; Total registers                    ; N/A until Partition Merge                   ;
; Total pins                         ; N/A until Partition Merge                   ;
; Total virtual pins                 ; N/A until Partition Merge                   ;
; Total memory bits                  ; N/A until Partition Merge                   ;
; Embedded Multiplier 9-bit elements ; N/A until Partition Merge                   ;
; Total PLLs                         ; N/A until Partition Merge                   ;
+------------------------------------+---------------------------------------------+


+------------------------------------------------------------------------------------------------------------+
; Analysis & Synthesis Settings                                                                              ;
+------------------------------------------------------------------+--------------------+--------------------+
; Option                                                           ; Setting            ; Default Value      ;
+------------------------------------------------------------------+--------------------+--------------------+
; Device                                                           ; EP4CE115F29C7      ;                    ;
; Top-level entity name                                            ; mario_cv_game      ; mario_cv_game      ;
; Family name                                                      ; Cyclone IV E       ; Cyclone V          ;
; Use smart compilation                                            ; Off                ; Off                ;
; Enable parallel Assembler and Timing Analyzer during compilation ; On                 ; On                 ;
; Enable compact report table                                      ; Off                ; Off                ;
; Restructure Multiplexers                                         ; Auto               ; Auto               ;
; Create Debugging Nodes for IP Cores                              ; Off                ; Off                ;
; Preserve fewer node names                                        ; On                 ; On                 ;
; Intel FPGA IP Evaluation Mode                                    ; Enable             ; Enable             ;
; Verilog Version                                                  ; Verilog_2001       ; Verilog_2001       ;
; VHDL Version                                                     ; VHDL_1993          ; VHDL_1993          ;
; State Machine Processing                                         ; Auto               ; Auto               ;
; Safe State Machine                                               ; Off                ; Off                ;
; Extract Verilog State Machines                                   ; On                 ; On                 ;
; Extract VHDL State Machines                                      ; On                 ; On                 ;
; Ignore Verilog initial constructs                                ; Off                ; Off                ;
; Iteration limit for constant Verilog loops                       ; 5000               ; 5000               ;
; Iteration limit for non-constant Verilog loops                   ; 250                ; 250                ;
; Add Pass-Through Logic to Inferred RAMs                          ; On                 ; On                 ;
; Infer RAMs from Raw Logic                                        ; On                 ; On                 ;
; Parallel Synthesis                                               ; On                 ; On                 ;
; DSP Block Balancing                                              ; Auto               ; Auto               ;
; NOT Gate Push-Back                                               ; On                 ; On                 ;
; Power-Up Don't Care                                              ; On                 ; On                 ;
; Remove Redundant Logic Cells                                     ; Off                ; Off                ;
; Remove Duplicate Registers                                       ; On                 ; On                 ;
; Ignore CARRY Buffers                                             ; Off                ; Off                ;
; Ignore CASCADE Buffers                                           ; Off                ; Off                ;
; Ignore GLOBAL Buffers                                            ; Off                ; Off                ;
; Ignore ROW GLOBAL Buffers                                        ; Off                ; Off                ;
; Ignore LCELL Buffers                                             ; Off                ; Off                ;
; Ignore SOFT Buffers                                              ; On                 ; On                 ;
; Limit AHDL Integers to 32 Bits                                   ; Off                ; Off                ;
; Optimization Technique                                           ; Balanced           ; Balanced           ;
; Carry Chain Length                                               ; 70                 ; 70                 ;
; Auto Carry Chains                                                ; On                 ; On                 ;
; Auto Open-Drain Pins                                             ; On                 ; On                 ;
; Perform WYSIWYG Primitive Resynthesis                            ; Off                ; Off                ;
; Auto ROM Replacement                                             ; On                 ; On                 ;
; Auto RAM Replacement                                             ; On                 ; On                 ;
; Auto DSP Block Replacement                                       ; On                 ; On                 ;
; Auto Shift Register Replacement                                  ; Auto               ; Auto               ;
; Allow Shift Register Merging across Hierarchies                  ; Auto               ; Auto               ;
; Auto Clock Enable Replacement                                    ; On                 ; On                 ;
; Strict RAM Replacement                                           ; Off                ; Off                ;
; Allow Synchronous Control Signals                                ; On                 ; On                 ;
; Force Use of Synchronous Clear Signals                           ; Off                ; Off                ;
; Auto RAM Block Balancing                                         ; On                 ; On                 ;
; Auto RAM to Logic Cell Conversion                                ; Off                ; Off                ;
; Auto Resource Sharing                                            ; Off                ; Off                ;
; Allow Any RAM Size For Recognition                               ; Off                ; Off                ;
; Allow Any ROM Size For Recognition                               ; Off                ; Off                ;
; Allow Any Shift Register Size For Recognition                    ; Off                ; Off                ;
; Use LogicLock Constraints during Resource Balancing              ; On                 ; On                 ;
; Ignore translate_off and synthesis_off directives                ; Off                ; Off                ;
; Timing-Driven Synthesis                                          ; On                 ; On                 ;
; Report Parameter Settings                                        ; On                 ; On                 ;
; Report Source Assignments                                        ; On                 ; On                 ;
; Report Connectivity Checks                                       ; On                 ; On                 ;
; Ignore Maximum Fan-Out Assignments                               ; Off                ; Off                ;
; Synchronization Register Chain Length                            ; 2                  ; 2                  ;
; Power Optimization During Synthesis                              ; Normal compilation ; Normal compilation ;
; HDL message level                                                ; Level2             ; Level2             ;
; Suppress Register Optimization Related Messages                  ; Off                ; Off                ;
; Number of Removed Registers Reported in Synthesis Report         ; 5000               ; 5000               ;
; Number of Swept Nodes Reported in Synthesis Report               ; 5000               ; 5000               ;
; Number of Inverted Registers Reported in Synthesis Report        ; 100                ; 100                ;
; Clock MUX Protection                                             ; On                 ; On                 ;
; Auto Gated Clock Conversion                                      ; Off                ; Off                ;
; Block Design Naming                                              ; Auto               ; Auto               ;
; SDC constraint protection                                        ; Off                ; Off                ;
; Synthesis Effort                                                 ; Auto               ; Auto               ;
; Shift Register Replacement - Allow Asynchronous Clear Signal     ; On                 ; On                 ;
; Pre-Mapping Resynthesis Optimization                             ; Off                ; Off                ;
; Analysis & Synthesis Message Level                               ; Medium             ; Medium             ;
; Disable Register Merging Across Hierarchies                      ; Auto               ; Auto               ;
; Resource Aware Inference For Block RAM                           ; On                 ; On                 ;
+------------------------------------------------------------------+--------------------+--------------------+


+------------------------------------------+
; Parallel Compilation                     ;
+----------------------------+-------------+
; Processors                 ; Number      ;
+----------------------------+-------------+
; Number detected on machine ; 4           ;
; Maximum allowed            ; 2           ;
;                            ;             ;
; Average used               ; 1.00        ;
; Maximum used               ; 1           ;
;                            ;             ;
; Usage by Processor         ; % Time Used ;
;     Processor 1            ; 100.0%      ;
+----------------------------+-------------+


+-------------------------------+
; Analysis & Synthesis Messages ;
+-------------------------------+
Info: *******************************************************************
Info: Running Quartus Prime Analysis & Synthesis
    Info: Version 18.1.0 Build 625 09/12/2018 SJ Lite Edition
    Info: Processing started: Thu Nov 22 21:42:02 2018
Info: Command: quartus_map --read_settings_files=on --write_settings_files=off mario_cv_game -c mario_cv_game
Warning (18236): Number of processors has not been specified which may cause overloading on shared machines.  Set the global assignment NUM_PARALLEL_PROCESSORS in your QSF to an appropriate value for best performance.
Info (20030): Parallel compilation is enabled and will use 2 of the 2 processors detected
Info (12248): Elaborating Platform Designer system entity "final_project.qsys"
Info (12250): 2018.11.22.21:42:16 Progress: Loading final_project/final_project.qsys
Info (12250): 2018.11.22.21:42:16 Progress: Reading input file
Info (12250): 2018.11.22.21:42:16 Progress: Adding clk_0 [clock_source 18.1]
Info (12250): 2018.11.22.21:42:17 Progress: Parameterizing module clk_0
Info (12250): 2018.11.22.21:42:17 Progress: Adding jtag_game_nios [altera_avalon_jtag_uart 18.1]
Info (12250): 2018.11.22.21:42:17 Progress: Parameterizing module jtag_game_nios
Info (12250): 2018.11.22.21:42:17 Progress: Adding master_template_0 [master_template 1.0]
Info (12250): 2018.11.22.21:42:19 Progress: Parameterizing module master_template_0
Info (12250): 2018.11.22.21:42:19 Progress: Adding nios2_gen2_0 [altera_nios2_gen2 18.1]
Info (12250): 2018.11.22.21:42:19 Progress: Parameterizing module nios2_gen2_0
Info (12250): 2018.11.22.21:42:19 Progress: Adding pll [altpll 18.1]
Info (12250): 2018.11.22.21:42:20 Progress: Parameterizing module pll
Info (12250): 2018.11.22.21:42:20 Progress: Adding sdram [altera_avalon_new_sdram_controller 18.1]
Info (12250): 2018.11.22.21:42:20 Progress: Parameterizing module sdram
Info (12250): 2018.11.22.21:42:20 Progress: Adding sprite_address_pio [altera_avalon_pio 18.1]
Info (12250): 2018.11.22.21:42:20 Progress: Parameterizing module sprite_address_pio
Info (12250): 2018.11.22.21:42:20 Progress: Adding sprite_height_pio [altera_avalon_pio 18.1]
Info (12250): 2018.11.22.21:42:20 Progress: Parameterizing module sprite_height_pio
Info (12250): 2018.11.22.21:42:20 Progress: Adding sprite_id_pio [altera_avalon_pio 18.1]
Info (12250): 2018.11.22.21:42:20 Progress: Parameterizing module sprite_id_pio
Info (12250): 2018.11.22.21:42:20 Progress: Adding sprite_width_pio [altera_avalon_pio 18.1]
Info (12250): 2018.11.22.21:42:20 Progress: Parameterizing module sprite_width_pio
Info (12250): 2018.11.22.21:42:20 Progress: Adding sprite_x_pio [altera_avalon_pio 18.1]
Info (12250): 2018.11.22.21:42:20 Progress: Parameterizing module sprite_x_pio
Info (12250): 2018.11.22.21:42:20 Progress: Adding sprite_y_pio [altera_avalon_pio 18.1]
Info (12250): 2018.11.22.21:42:20 Progress: Parameterizing module sprite_y_pio
Info (12250): 2018.11.22.21:42:20 Progress: Adding sysid [altera_avalon_sysid_qsys 18.1]
Info (12250): 2018.11.22.21:42:20 Progress: Parameterizing module sysid
Info (12250): 2018.11.22.21:42:20 Progress: Building connections
Info (12250): 2018.11.22.21:42:20 Progress: Parameterizing connections
Info (12250): 2018.11.22.21:42:20 Progress: Validating
Info (12250): 2018.11.22.21:42:21 Progress: Done reading input file
Info (12250): Final_project.jtag_game_nios: JTAG UART IP input clock need to be at least double (2x) the operating frequency of JTAG TCK on board
Info (12250): Final_project.sdram: SDRAM Controller will only be supported in Quartus Prime Standard Edition in the future release.
Info (12250): Final_project.sysid: System ID is not assigned automatically. Edit the System ID parameter to provide a unique ID
Info (12250): Final_project.sysid: Time stamp will be automatically updated when this component is generated.
Info (12250): Final_project: Generating final_project "final_project" for QUARTUS_SYNTH
Info (12250): Inserting clock-crossing logic between cmd_demux_001.src4 and cmd_mux_004.sink0
Info (12250): Inserting clock-crossing logic between cmd_demux_002.src4 and cmd_mux_004.sink1
Info (12250): Inserting clock-crossing logic between rsp_demux_004.src0 and rsp_mux_001.sink4
Info (12250): Inserting clock-crossing logic between rsp_demux_004.src1 and rsp_mux_002.sink4
Info (12250): Jtag_game_nios: Starting RTL generation for module 'final_project_jtag_game_nios'
Info (12250): Jtag_game_nios:   Generation command is [exec /opt/altera/18.1/quartus/linux64/perl/bin/perl -I /opt/altera/18.1/quartus/linux64/perl/lib -I /opt/altera/18.1/quartus/sopc_builder/bin/europa -I /opt/altera/18.1/quartus/sopc_builder/bin/perl_lib -I /opt/altera/18.1/quartus/sopc_builder/bin -I /opt/altera/18.1/quartus/../ip/altera/sopc_builder_ip/common -I /opt/altera/18.1/quartus/../ip/altera/sopc_builder_ip/altera_avalon_jtag_uart -- /opt/altera/18.1/quartus/../ip/altera/sopc_builder_ip/altera_avalon_jtag_uart/generate_rtl.pl --name=final_project_jtag_game_nios --dir=/tmp/alt7858_7636297206121916444.dir/0004_jtag_game_nios_gen/ --quartus_dir=/opt/altera/18.1/quartus --verilog --config=/tmp/alt7858_7636297206121916444.dir/0004_jtag_game_nios_gen//final_project_jtag_game_nios_component_configuration.pl  --do_build_sim=0  ]
Info (12250): Jtag_game_nios: Done RTL generation for module 'final_project_jtag_game_nios'
Info (12250): Jtag_game_nios: "final_project" instantiated altera_avalon_jtag_uart "jtag_game_nios"
Info (12250): Master_template_0: "final_project" instantiated master_template "master_template_0"
Info (12250): Nios2_gen2_0: "final_project" instantiated altera_nios2_gen2 "nios2_gen2_0"
Info (12250): Pll: "final_project" instantiated altpll "pll"
Info (12250): Sdram: Starting RTL generation for module 'final_project_sdram'
Info (12250): Sdram:   Generation command is [exec /opt/altera/18.1/quartus/linux64/perl/bin/perl -I /opt/altera/18.1/quartus/linux64/perl/lib -I /opt/altera/18.1/quartus/sopc_builder/bin/europa -I /opt/altera/18.1/quartus/sopc_builder/bin/perl_lib -I /opt/altera/18.1/quartus/sopc_builder/bin -I /opt/altera/18.1/quartus/../ip/altera/sopc_builder_ip/common -I /opt/altera/18.1/quartus/../ip/altera/sopc_builder_ip/altera_avalon_new_sdram_controller -- /opt/altera/18.1/quartus/../ip/altera/sopc_builder_ip/altera_avalon_new_sdram_controller/generate_rtl.pl --name=final_project_sdram --dir=/tmp/alt7858_7636297206121916444.dir/0008_sdram_gen/ --quartus_dir=/opt/altera/18.1/quartus --verilog --config=/tmp/alt7858_7636297206121916444.dir/0008_sdram_gen//final_project_sdram_component_configuration.pl  --do_build_sim=0  ]
Info (12250): Sdram: Done RTL generation for module 'final_project_sdram'
Info (12250): Sdram: "final_project" instantiated altera_avalon_new_sdram_controller "sdram"
Info (12250): Sprite_address_pio: Starting RTL generation for module 'final_project_sprite_address_pio'
Info (12250): Sprite_address_pio:   Generation command is [exec /opt/altera/18.1/quartus/linux64/perl/bin/perl -I /opt/altera/18.1/quartus/linux64/perl/lib -I /opt/altera/18.1/quartus/sopc_builder/bin/europa -I /opt/altera/18.1/quartus/sopc_builder/bin/perl_lib -I /opt/altera/18.1/quartus/sopc_builder/bin -I /opt/altera/18.1/quartus/../ip/altera/sopc_builder_ip/common -I /opt/altera/18.1/quartus/../ip/altera/sopc_builder_ip/altera_avalon_pio -- /opt/altera/18.1/quartus/../ip/altera/sopc_builder_ip/altera_avalon_pio/generate_rtl.pl --name=final_project_sprite_address_pio --dir=/tmp/alt7858_7636297206121916444.dir/0009_sprite_address_pio_gen/ --quartus_dir=/opt/altera/18.1/quartus --verilog --config=/tmp/alt7858_7636297206121916444.dir/0009_sprite_address_pio_gen//final_project_sprite_address_pio_component_configuration.pl  --do_build_sim=0  ]
Info (12250): Sprite_address_pio: Done RTL generation for module 'final_project_sprite_address_pio'
Info (12250): Sprite_address_pio: "final_project" instantiated altera_avalon_pio "sprite_address_pio"
Info (12250): Sprite_height_pio: Starting RTL generation for module 'final_project_sprite_height_pio'
Info (12250): Sprite_height_pio:   Generation command is [exec /opt/altera/18.1/quartus/linux64/perl/bin/perl -I /opt/altera/18.1/quartus/linux64/perl/lib -I /opt/altera/18.1/quartus/sopc_builder/bin/europa -I /opt/altera/18.1/quartus/sopc_builder/bin/perl_lib -I /opt/altera/18.1/quartus/sopc_builder/bin -I /opt/altera/18.1/quartus/../ip/altera/sopc_builder_ip/common -I /opt/altera/18.1/quartus/../ip/altera/sopc_builder_ip/altera_avalon_pio -- /opt/altera/18.1/quartus/../ip/altera/sopc_builder_ip/altera_avalon_pio/generate_rtl.pl --name=final_project_sprite_height_pio --dir=/tmp/alt7858_7636297206121916444.dir/0010_sprite_height_pio_gen/ --quartus_dir=/opt/altera/18.1/quartus --verilog --config=/tmp/alt7858_7636297206121916444.dir/0010_sprite_height_pio_gen//final_project_sprite_height_pio_component_configuration.pl  --do_build_sim=0  ]
Info (12250): Sprite_height_pio: Done RTL generation for module 'final_project_sprite_height_pio'
Info (12250): Sprite_height_pio: "final_project" instantiated altera_avalon_pio "sprite_height_pio"
Info (12250): Sysid: "final_project" instantiated altera_avalon_sysid_qsys "sysid"
Info (12250): Avalon_st_adapter: Inserting error_adapter: error_adapter_0
Info (12250): Avalon_st_adapter_001: Inserting error_adapter: error_adapter_0
Info (12250): Avalon_st_adapter_002: Inserting error_adapter: error_adapter_0
Info (12250): Avalon_st_adapter_003: Inserting error_adapter: error_adapter_0
Info (12250): Avalon_st_adapter_004: Inserting error_adapter: error_adapter_0
Info (12250): Avalon_st_adapter_005: Inserting error_adapter: error_adapter_0
Info (12250): Avalon_st_adapter_006: Inserting error_adapter: error_adapter_0
Info (12250): Avalon_st_adapter_007: Inserting error_adapter: error_adapter_0
Info (12250): Avalon_st_adapter_008: Inserting error_adapter: error_adapter_0
Info (12250): Avalon_st_adapter_009: Inserting error_adapter: error_adapter_0
Info (12250): Avalon_st_adapter_010: Inserting error_adapter: error_adapter_0
Info (12250): Mm_interconnect_0: "final_project" instantiated altera_mm_interconnect "mm_interconnect_0"
Info (12250): Irq_mapper: "final_project" instantiated altera_irq_mapper "irq_mapper"
Info (12250): Rst_controller: "final_project" instantiated altera_reset_controller "rst_controller"
Info (12250): Cpu: Starting RTL generation for module 'final_project_nios2_gen2_0_cpu'
Info (12250): Cpu:   Generation command is [exec /opt/altera/18.1/quartus/linux64//eperlcmd -I /opt/altera/18.1/quartus/linux64//perl/lib -I /opt/altera/18.1/quartus/sopc_builder/bin/europa -I /opt/altera/18.1/quartus/sopc_builder/bin/perl_lib -I /opt/altera/18.1/quartus/sopc_builder/bin -I /opt/altera/18.1/quartus/../ip/altera/nios2_ip/altera_nios2_gen2/cpu_lib -I /opt/altera/18.1/quartus/../ip/altera/nios2_ip/altera_nios2_gen2/nios_lib -I /opt/altera/18.1/quartus/../ip/altera/nios2_ip/altera_nios2_gen2 -I /opt/altera/18.1/quartus/../ip/altera/nios2_ip/altera_nios2_gen2 -- /opt/altera/18.1/quartus/../ip/altera/nios2_ip/altera_nios2_gen2/generate_rtl.epl --name=final_project_nios2_gen2_0_cpu --dir=/tmp/alt7858_7636297206121916444.dir/0014_cpu_gen/ --quartus_bindir=/opt/altera/18.1/quartus/linux64/ --verilog --config=/tmp/alt7858_7636297206121916444.dir/0014_cpu_gen//final_project_nios2_gen2_0_cpu_processor_configuration.pl  --do_build_sim=0  ]
Info (12250): Cpu: # 2018.11.22 21:42:33 (*) Starting Nios II generation
Info (12250): Cpu: # 2018.11.22 21:42:33 (*)   Checking for plaintext license.
Info (12250): Cpu: # 2018.11.22 21:42:34 (*)   Couldn't query license setup in Quartus directory /opt/altera/18.1/quartus/linux64/
Info (12250): Cpu: # 2018.11.22 21:42:34 (*)   Defaulting to contents of LM_LICENSE_FILE environment variable
Info (12250): Cpu: # 2018.11.22 21:42:34 (*)   LM_LICENSE_FILE environment variable is empty
Info (12250): Cpu: # 2018.11.22 21:42:34 (*)   Plaintext license not found.
Info (12250): Cpu: # 2018.11.22 21:42:34 (*)   No license required to generate encrypted Nios II/e.
Info (12250): Cpu: # 2018.11.22 21:42:34 (*)   Elaborating CPU configuration settings
Info (12250): Cpu: # 2018.11.22 21:42:34 (*)   Creating all objects for CPU
Info (12250): Cpu: # 2018.11.22 21:42:35 (*)   Generating RTL from CPU objects
Info (12250): Cpu: # 2018.11.22 21:42:35 (*)   Creating plain-text RTL
Info (12250): Cpu: # 2018.11.22 21:42:35 (*) Done Nios II generation
Info (12250): Cpu: Done RTL generation for module 'final_project_nios2_gen2_0_cpu'
Info (12250): Cpu: "nios2_gen2_0" instantiated altera_nios2_gen2_unit "cpu"
Info (12250): Master_template_0_avalon_master_translator: "mm_interconnect_0" instantiated altera_merlin_master_translator "master_template_0_avalon_master_translator"
Info (12250): Jtag_game_nios_avalon_jtag_slave_translator: "mm_interconnect_0" instantiated altera_merlin_slave_translator "jtag_game_nios_avalon_jtag_slave_translator"
Info (12250): Master_template_0_avalon_master_agent: "mm_interconnect_0" instantiated altera_merlin_master_agent "master_template_0_avalon_master_agent"
Info (12250): Jtag_game_nios_avalon_jtag_slave_agent: "mm_interconnect_0" instantiated altera_merlin_slave_agent "jtag_game_nios_avalon_jtag_slave_agent"
Info (12250): Jtag_game_nios_avalon_jtag_slave_agent_rsp_fifo: "mm_interconnect_0" instantiated altera_avalon_sc_fifo "jtag_game_nios_avalon_jtag_slave_agent_rsp_fifo"
Info (12250): Router: "mm_interconnect_0" instantiated altera_merlin_router "router"
Info (12250): Router_001: "mm_interconnect_0" instantiated altera_merlin_router "router_001"
Info (12250): Router_003: "mm_interconnect_0" instantiated altera_merlin_router "router_003"
Info (12250): Router_007: "mm_interconnect_0" instantiated altera_merlin_router "router_007"
Info (12250): Master_template_0_avalon_master_limiter: "mm_interconnect_0" instantiated altera_merlin_traffic_limiter "master_template_0_avalon_master_limiter"
Info (12250): Reusing file /home/joey/courses/ece385/final_project/db/ip/final_project/submodules/altera_avalon_sc_fifo.v
Info (12250): Jtag_game_nios_avalon_jtag_slave_burst_adapter: "mm_interconnect_0" instantiated altera_merlin_burst_adapter "jtag_game_nios_avalon_jtag_slave_burst_adapter"
Info (12250): Reusing file /home/joey/courses/ece385/final_project/db/ip/final_project/submodules/altera_avalon_st_pipeline_base.v
Info (12250): Cmd_demux: "mm_interconnect_0" instantiated altera_merlin_demultiplexer "cmd_demux"
Info (12250): Cmd_demux_001: "mm_interconnect_0" instantiated altera_merlin_demultiplexer "cmd_demux_001"
Info (12250): Cmd_mux: "mm_interconnect_0" instantiated altera_merlin_multiplexer "cmd_mux"
Info (12250): Cmd_mux_004: "mm_interconnect_0" instantiated altera_merlin_multiplexer "cmd_mux_004"
Info (12250): Reusing file /home/joey/courses/ece385/final_project/db/ip/final_project/submodules/altera_merlin_arbitrator.sv
Info (12250): Rsp_demux: "mm_interconnect_0" instantiated altera_merlin_demultiplexer "rsp_demux"
Info (12250): Rsp_demux_004: "mm_interconnect_0" instantiated altera_merlin_demultiplexer "rsp_demux_004"
Info (12250): Rsp_demux_005: "mm_interconnect_0" instantiated altera_merlin_demultiplexer "rsp_demux_005"
Info (12250): Rsp_mux: "mm_interconnect_0" instantiated altera_merlin_multiplexer "rsp_mux"
Info (12250): Reusing file /home/joey/courses/ece385/final_project/db/ip/final_project/submodules/altera_merlin_arbitrator.sv
Info (12250): Rsp_mux_001: "mm_interconnect_0" instantiated altera_merlin_multiplexer "rsp_mux_001"
Info (12250): Reusing file /home/joey/courses/ece385/final_project/db/ip/final_project/submodules/altera_merlin_arbitrator.sv
Info (12250): Master_template_0_avalon_master_cmd_width_adapter: "mm_interconnect_0" instantiated altera_merlin_width_adapter "master_template_0_avalon_master_cmd_width_adapter"
Info (12250): Reusing file /home/joey/courses/ece385/final_project/db/ip/final_project/submodules/altera_merlin_address_alignment.sv
Info (12250): Reusing file /home/joey/courses/ece385/final_project/db/ip/final_project/submodules/altera_merlin_burst_uncompressor.sv
Info (12250): Crosser: "mm_interconnect_0" instantiated altera_avalon_st_handshake_clock_crosser "crosser"
Info (12250): Reusing file /home/joey/courses/ece385/final_project/db/ip/final_project/submodules/altera_avalon_st_pipeline_base.v
Info (12250): Avalon_st_adapter: "mm_interconnect_0" instantiated altera_avalon_st_adapter "avalon_st_adapter"
Info (12250): Error_adapter_0: "avalon_st_adapter" instantiated error_adapter "error_adapter_0"
Info (12250): Final_project: Done "final_project" with 37 modules, 66 files
Info (12249): Finished elaborating Platform Designer system entity "final_project.qsys"
Info (12021): Found 1 design units, including 1 entities, in source file testbench.sv
    Info (12023): Found entity 1: testbench File: /home/joey/courses/ece385/final_project/testbench.sv Line: 1
Info (12021): Found 1 design units, including 1 entities, in source file system_verilog/sprite_controller.sv
    Info (12023): Found entity 1: sprite_controller File: /home/joey/courses/ece385/final_project/system_verilog/sprite_controller.sv Line: 1
Info (12021): Found 1 design units, including 1 entities, in source file system_verilog/read_frame_mux.sv
    Info (12023): Found entity 1: read_frame_mux File: /home/joey/courses/ece385/final_project/system_verilog/read_frame_mux.sv Line: 1
Info (12021): Found 1 design units, including 1 entities, in source file system_verilog/write_frame_mux.sv
    Info (12023): Found entity 1: write_frame_mux File: /home/joey/courses/ece385/final_project/system_verilog/write_frame_mux.sv Line: 1
Info (12021): Found 1 design units, including 1 entities, in source file system_verilog/frame_number.sv
    Info (12023): Found entity 1: frame_number File: /home/joey/courses/ece385/final_project/system_verilog/frame_number.sv Line: 2
Info (12021): Found 1 design units, including 1 entities, in source file system_verilog/sprite_fifo.sv
    Info (12023): Found entity 1: sprite_fifo File: /home/joey/courses/ece385/final_project/system_verilog/sprite_fifo.sv Line: 1
Info (12021): Found 1 design units, including 1 entities, in source file system_verilog/frame_controller.sv
    Info (12023): Found entity 1: frame_controller File: /home/joey/courses/ece385/final_project/system_verilog/frame_controller.sv Line: 3
Info (12021): Found 0 design units, including 0 entities, in source file system_verilog/RAM_param.sv
Info (12021): Found 1 design units, including 1 entities, in source file system_verilog/VGA_controller.sv
    Info (12023): Found entity 1: VGA_controller File: /home/joey/courses/ece385/final_project/system_verilog/VGA_controller.sv Line: 26
Info (12021): Found 1 design units, including 1 entities, in source file system_verilog/Color_Mapper.sv
    Info (12023): Found entity 1: Color_Mapper File: /home/joey/courses/ece385/final_project/system_verilog/Color_Mapper.sv Line: 2
Info (12021): Found 1 design units, including 1 entities, in source file system_verilog/mario_cv_game.sv
    Info (12023): Found entity 1: mario_cv_game File: /home/joey/courses/ece385/final_project/system_verilog/mario_cv_game.sv Line: 3
Info (12021): Found 1 design units, including 1 entities, in source file RAM_param.v
    Info (12023): Found entity 1: RAM_param File: /home/joey/courses/ece385/final_project/RAM_param.v Line: 39
Info (12021): Found 1 design units, including 1 entities, in source file db/ip/final_project/final_project.v
    Info (12023): Found entity 1: final_project File: /home/joey/courses/ece385/final_project/db/ip/final_project/final_project.v Line: 6
Info (12021): Found 1 design units, including 1 entities, in source file db/ip/final_project/submodules/altera_avalon_sc_fifo.v
    Info (12023): Found entity 1: altera_avalon_sc_fifo File: /home/joey/courses/ece385/final_project/db/ip/final_project/submodules/altera_avalon_sc_fifo.v Line: 21
Info (12021): Found 1 design units, including 1 entities, in source file db/ip/final_project/submodules/altera_avalon_st_clock_crosser.v
    Info (12023): Found entity 1: altera_avalon_st_clock_crosser File: /home/joey/courses/ece385/final_project/db/ip/final_project/submodules/altera_avalon_st_clock_crosser.v Line: 22
Info (12021): Found 1 design units, including 1 entities, in source file db/ip/final_project/submodules/altera_avalon_st_handshake_clock_crosser.v
    Info (12023): Found entity 1: altera_avalon_st_handshake_clock_crosser File: /home/joey/courses/ece385/final_project/db/ip/final_project/submodules/altera_avalon_st_handshake_clock_crosser.v Line: 24
Info (12021): Found 1 design units, including 1 entities, in source file db/ip/final_project/submodules/altera_avalon_st_pipeline_base.v
    Info (12023): Found entity 1: altera_avalon_st_pipeline_base File: /home/joey/courses/ece385/final_project/db/ip/final_project/submodules/altera_avalon_st_pipeline_base.v Line: 22
Info (12021): Found 1 design units, including 1 entities, in source file db/ip/final_project/submodules/altera_avalon_st_pipeline_stage.sv
    Info (12023): Found entity 1: altera_avalon_st_pipeline_stage File: /home/joey/courses/ece385/final_project/db/ip/final_project/submodules/altera_avalon_st_pipeline_stage.sv Line: 22
Info (12021): Found 1 design units, including 1 entities, in source file db/ip/final_project/submodules/altera_default_burst_converter.sv
    Info (12023): Found entity 1: altera_default_burst_converter File: /home/joey/courses/ece385/final_project/db/ip/final_project/submodules/altera_default_burst_converter.sv Line: 30
Info (12021): Found 1 design units, including 1 entities, in source file db/ip/final_project/submodules/altera_incr_burst_converter.sv
    Info (12023): Found entity 1: altera_incr_burst_converter File: /home/joey/courses/ece385/final_project/db/ip/final_project/submodules/altera_incr_burst_converter.sv Line: 28
Info (12021): Found 1 design units, including 1 entities, in source file db/ip/final_project/submodules/altera_merlin_address_alignment.sv
    Info (12023): Found entity 1: altera_merlin_address_alignment File: /home/joey/courses/ece385/final_project/db/ip/final_project/submodules/altera_merlin_address_alignment.sv Line: 26
Info (12021): Found 2 design units, including 2 entities, in source file db/ip/final_project/submodules/altera_merlin_arbitrator.sv
    Info (12023): Found entity 1: altera_merlin_arbitrator File: /home/joey/courses/ece385/final_project/db/ip/final_project/submodules/altera_merlin_arbitrator.sv Line: 103
    Info (12023): Found entity 2: altera_merlin_arb_adder File: /home/joey/courses/ece385/final_project/db/ip/final_project/submodules/altera_merlin_arbitrator.sv Line: 228
Info (12021): Found 1 design units, including 1 entities, in source file db/ip/final_project/submodules/altera_merlin_burst_adapter.sv
    Info (12023): Found entity 1: altera_merlin_burst_adapter File: /home/joey/courses/ece385/final_project/db/ip/final_project/submodules/altera_merlin_burst_adapter.sv Line: 21
Info (12021): Found 5 design units, including 5 entities, in source file db/ip/final_project/submodules/altera_merlin_burst_adapter_13_1.sv
    Info (12023): Found entity 1: altera_merlin_burst_adapter_burstwrap_increment File: /home/joey/courses/ece385/final_project/db/ip/final_project/submodules/altera_merlin_burst_adapter_13_1.sv Line: 40
    Info (12023): Found entity 2: altera_merlin_burst_adapter_adder File: /home/joey/courses/ece385/final_project/db/ip/final_project/submodules/altera_merlin_burst_adapter_13_1.sv Line: 55
    Info (12023): Found entity 3: altera_merlin_burst_adapter_subtractor File: /home/joey/courses/ece385/final_project/db/ip/final_project/submodules/altera_merlin_burst_adapter_13_1.sv Line: 77
    Info (12023): Found entity 4: altera_merlin_burst_adapter_min File: /home/joey/courses/ece385/final_project/db/ip/final_project/submodules/altera_merlin_burst_adapter_13_1.sv Line: 98
    Info (12023): Found entity 5: altera_merlin_burst_adapter_13_1 File: /home/joey/courses/ece385/final_project/db/ip/final_project/submodules/altera_merlin_burst_adapter_13_1.sv Line: 264
Info (12021): Found 1 design units, including 1 entities, in source file db/ip/final_project/submodules/altera_merlin_burst_adapter_new.sv
    Info (12023): Found entity 1: altera_merlin_burst_adapter_new File: /home/joey/courses/ece385/final_project/db/ip/final_project/submodules/altera_merlin_burst_adapter_new.sv Line: 25
Info (12021): Found 1 design units, including 1 entities, in source file db/ip/final_project/submodules/altera_merlin_burst_adapter_uncmpr.sv
    Info (12023): Found entity 1: altera_merlin_burst_adapter_uncompressed_only File: /home/joey/courses/ece385/final_project/db/ip/final_project/submodules/altera_merlin_burst_adapter_uncmpr.sv Line: 39
Info (12021): Found 1 design units, including 1 entities, in source file db/ip/final_project/submodules/altera_merlin_burst_uncompressor.sv
    Info (12023): Found entity 1: altera_merlin_burst_uncompressor File: /home/joey/courses/ece385/final_project/db/ip/final_project/submodules/altera_merlin_burst_uncompressor.sv Line: 40
Info (12021): Found 1 design units, including 1 entities, in source file db/ip/final_project/submodules/altera_merlin_master_agent.sv
    Info (12023): Found entity 1: altera_merlin_master_agent File: /home/joey/courses/ece385/final_project/db/ip/final_project/submodules/altera_merlin_master_agent.sv Line: 28
Info (12021): Found 1 design units, including 1 entities, in source file db/ip/final_project/submodules/altera_merlin_master_translator.sv
    Info (12023): Found entity 1: altera_merlin_master_translator File: /home/joey/courses/ece385/final_project/db/ip/final_project/submodules/altera_merlin_master_translator.sv Line: 32
Info (12021): Found 2 design units, including 2 entities, in source file db/ip/final_project/submodules/altera_merlin_reorder_memory.sv
    Info (12023): Found entity 1: altera_merlin_reorder_memory File: /home/joey/courses/ece385/final_project/db/ip/final_project/submodules/altera_merlin_reorder_memory.sv Line: 28
    Info (12023): Found entity 2: memory_pointer_controller File: /home/joey/courses/ece385/final_project/db/ip/final_project/submodules/altera_merlin_reorder_memory.sv Line: 185
Info (12021): Found 1 design units, including 1 entities, in source file db/ip/final_project/submodules/altera_merlin_slave_agent.sv
    Info (12023): Found entity 1: altera_merlin_slave_agent File: /home/joey/courses/ece385/final_project/db/ip/final_project/submodules/altera_merlin_slave_agent.sv Line: 34
Info (12021): Found 1 design units, including 1 entities, in source file db/ip/final_project/submodules/altera_merlin_slave_translator.sv
    Info (12023): Found entity 1: altera_merlin_slave_translator File: /home/joey/courses/ece385/final_project/db/ip/final_project/submodules/altera_merlin_slave_translator.sv Line: 35
Info (12021): Found 1 design units, including 1 entities, in source file db/ip/final_project/submodules/altera_merlin_traffic_limiter.sv
    Info (12023): Found entity 1: altera_merlin_traffic_limiter File: /home/joey/courses/ece385/final_project/db/ip/final_project/submodules/altera_merlin_traffic_limiter.sv Line: 49
Info (12021): Found 1 design units, including 1 entities, in source file db/ip/final_project/submodules/altera_merlin_width_adapter.sv
    Info (12023): Found entity 1: altera_merlin_width_adapter File: /home/joey/courses/ece385/final_project/db/ip/final_project/submodules/altera_merlin_width_adapter.sv Line: 25
Info (12021): Found 1 design units, including 1 entities, in source file db/ip/final_project/submodules/altera_reset_controller.v
    Info (12023): Found entity 1: altera_reset_controller File: /home/joey/courses/ece385/final_project/db/ip/final_project/submodules/altera_reset_controller.v Line: 42
Info (12021): Found 1 design units, including 1 entities, in source file db/ip/final_project/submodules/altera_reset_synchronizer.v
    Info (12023): Found entity 1: altera_reset_synchronizer File: /home/joey/courses/ece385/final_project/db/ip/final_project/submodules/altera_reset_synchronizer.v Line: 24
Info (12021): Found 1 design units, including 1 entities, in source file db/ip/final_project/submodules/altera_std_synchronizer_nocut.v
    Info (12023): Found entity 1: altera_std_synchronizer_nocut File: /home/joey/courses/ece385/final_project/db/ip/final_project/submodules/altera_std_synchronizer_nocut.v Line: 44
Info (12021): Found 1 design units, including 1 entities, in source file db/ip/final_project/submodules/altera_wrap_burst_converter.sv
    Info (12023): Found entity 1: altera_wrap_burst_converter File: /home/joey/courses/ece385/final_project/db/ip/final_project/submodules/altera_wrap_burst_converter.sv Line: 27
Info (12021): Found 1 design units, including 1 entities, in source file db/ip/final_project/submodules/burst_read_master.v
    Info (12023): Found entity 1: burst_read_master File: /home/joey/courses/ece385/final_project/db/ip/final_project/submodules/burst_read_master.v Line: 36
Info (12021): Found 1 design units, including 1 entities, in source file db/ip/final_project/submodules/burst_write_master.v
    Info (12023): Found entity 1: burst_write_master File: /home/joey/courses/ece385/final_project/db/ip/final_project/submodules/burst_write_master.v Line: 37
Info (12021): Found 1 design units, including 1 entities, in source file db/ip/final_project/submodules/custom_master.v
    Info (12023): Found entity 1: custom_master File: /home/joey/courses/ece385/final_project/db/ip/final_project/submodules/custom_master.v Line: 9
Info (12021): Found 1 design units, including 1 entities, in source file db/ip/final_project/submodules/final_project_irq_mapper.sv
    Info (12023): Found entity 1: final_project_irq_mapper File: /home/joey/courses/ece385/final_project/db/ip/final_project/submodules/final_project_irq_mapper.sv Line: 31
Info (12021): Found 5 design units, including 5 entities, in source file db/ip/final_project/submodules/final_project_jtag_game_nios.v
    Info (12023): Found entity 1: final_project_jtag_game_nios_sim_scfifo_w File: /home/joey/courses/ece385/final_project/db/ip/final_project/submodules/final_project_jtag_game_nios.v Line: 21
    Info (12023): Found entity 2: final_project_jtag_game_nios_scfifo_w File: /home/joey/courses/ece385/final_project/db/ip/final_project/submodules/final_project_jtag_game_nios.v Line: 78
    Info (12023): Found entity 3: final_project_jtag_game_nios_sim_scfifo_r File: /home/joey/courses/ece385/final_project/db/ip/final_project/submodules/final_project_jtag_game_nios.v Line: 164
    Info (12023): Found entity 4: final_project_jtag_game_nios_scfifo_r File: /home/joey/courses/ece385/final_project/db/ip/final_project/submodules/final_project_jtag_game_nios.v Line: 243
    Info (12023): Found entity 5: final_project_jtag_game_nios File: /home/joey/courses/ece385/final_project/db/ip/final_project/submodules/final_project_jtag_game_nios.v Line: 331
Info (12021): Found 1 design units, including 1 entities, in source file db/ip/final_project/submodules/final_project_mm_interconnect_0.v
    Info (12023): Found entity 1: final_project_mm_interconnect_0 File: /home/joey/courses/ece385/final_project/db/ip/final_project/submodules/final_project_mm_interconnect_0.v Line: 9
Info (12021): Found 1 design units, including 1 entities, in source file db/ip/final_project/submodules/final_project_mm_interconnect_0_avalon_st_adapter.v
    Info (12023): Found entity 1: final_project_mm_interconnect_0_avalon_st_adapter File: /home/joey/courses/ece385/final_project/db/ip/final_project/submodules/final_project_mm_interconnect_0_avalon_st_adapter.v Line: 9
Info (12021): Found 1 design units, including 1 entities, in source file db/ip/final_project/submodules/final_project_mm_interconnect_0_avalon_st_adapter_error_adapter_0.sv
    Info (12023): Found entity 1: final_project_mm_interconnect_0_avalon_st_adapter_error_adapter_0 File: /home/joey/courses/ece385/final_project/db/ip/final_project/submodules/final_project_mm_interconnect_0_avalon_st_adapter_error_adapter_0.sv Line: 66
Info (12021): Found 1 design units, including 1 entities, in source file db/ip/final_project/submodules/final_project_mm_interconnect_0_cmd_demux.sv
    Info (12023): Found entity 1: final_project_mm_interconnect_0_cmd_demux File: /home/joey/courses/ece385/final_project/db/ip/final_project/submodules/final_project_mm_interconnect_0_cmd_demux.sv Line: 43
Info (12021): Found 1 design units, including 1 entities, in source file db/ip/final_project/submodules/final_project_mm_interconnect_0_cmd_demux_001.sv
    Info (12023): Found entity 1: final_project_mm_interconnect_0_cmd_demux_001 File: /home/joey/courses/ece385/final_project/db/ip/final_project/submodules/final_project_mm_interconnect_0_cmd_demux_001.sv Line: 43
Info (12021): Found 1 design units, including 1 entities, in source file db/ip/final_project/submodules/final_project_mm_interconnect_0_cmd_mux.sv
    Info (12023): Found entity 1: final_project_mm_interconnect_0_cmd_mux File: /home/joey/courses/ece385/final_project/db/ip/final_project/submodules/final_project_mm_interconnect_0_cmd_mux.sv Line: 51
Info (12021): Found 1 design units, including 1 entities, in source file db/ip/final_project/submodules/final_project_mm_interconnect_0_cmd_mux_004.sv
    Info (12023): Found entity 1: final_project_mm_interconnect_0_cmd_mux_004 File: /home/joey/courses/ece385/final_project/db/ip/final_project/submodules/final_project_mm_interconnect_0_cmd_mux_004.sv Line: 51
Info (12021): Found 2 design units, including 2 entities, in source file db/ip/final_project/submodules/final_project_mm_interconnect_0_router.sv
    Info (12023): Found entity 1: final_project_mm_interconnect_0_router_default_decode File: /home/joey/courses/ece385/final_project/db/ip/final_project/submodules/final_project_mm_interconnect_0_router.sv Line: 45
    Info (12023): Found entity 2: final_project_mm_interconnect_0_router File: /home/joey/courses/ece385/final_project/db/ip/final_project/submodules/final_project_mm_interconnect_0_router.sv Line: 84
Info (12021): Found 2 design units, including 2 entities, in source file db/ip/final_project/submodules/final_project_mm_interconnect_0_router_001.sv
    Info (12023): Found entity 1: final_project_mm_interconnect_0_router_001_default_decode File: /home/joey/courses/ece385/final_project/db/ip/final_project/submodules/final_project_mm_interconnect_0_router_001.sv Line: 45
    Info (12023): Found entity 2: final_project_mm_interconnect_0_router_001 File: /home/joey/courses/ece385/final_project/db/ip/final_project/submodules/final_project_mm_interconnect_0_router_001.sv Line: 84
Info (12021): Found 2 design units, including 2 entities, in source file db/ip/final_project/submodules/final_project_mm_interconnect_0_router_003.sv
    Info (12023): Found entity 1: final_project_mm_interconnect_0_router_003_default_decode File: /home/joey/courses/ece385/final_project/db/ip/final_project/submodules/final_project_mm_interconnect_0_router_003.sv Line: 45
    Info (12023): Found entity 2: final_project_mm_interconnect_0_router_003 File: /home/joey/courses/ece385/final_project/db/ip/final_project/submodules/final_project_mm_interconnect_0_router_003.sv Line: 84
Info (12021): Found 2 design units, including 2 entities, in source file db/ip/final_project/submodules/final_project_mm_interconnect_0_router_007.sv
    Info (12023): Found entity 1: final_project_mm_interconnect_0_router_007_default_decode File: /home/joey/courses/ece385/final_project/db/ip/final_project/submodules/final_project_mm_interconnect_0_router_007.sv Line: 45
    Info (12023): Found entity 2: final_project_mm_interconnect_0_router_007 File: /home/joey/courses/ece385/final_project/db/ip/final_project/submodules/final_project_mm_interconnect_0_router_007.sv Line: 84
Info (12021): Found 1 design units, including 1 entities, in source file db/ip/final_project/submodules/final_project_mm_interconnect_0_rsp_demux.sv
    Info (12023): Found entity 1: final_project_mm_interconnect_0_rsp_demux File: /home/joey/courses/ece385/final_project/db/ip/final_project/submodules/final_project_mm_interconnect_0_rsp_demux.sv Line: 43
Info (12021): Found 1 design units, including 1 entities, in source file db/ip/final_project/submodules/final_project_mm_interconnect_0_rsp_demux_004.sv
    Info (12023): Found entity 1: final_project_mm_interconnect_0_rsp_demux_004 File: /home/joey/courses/ece385/final_project/db/ip/final_project/submodules/final_project_mm_interconnect_0_rsp_demux_004.sv Line: 43
Info (12021): Found 1 design units, including 1 entities, in source file db/ip/final_project/submodules/final_project_mm_interconnect_0_rsp_demux_005.sv
    Info (12023): Found entity 1: final_project_mm_interconnect_0_rsp_demux_005 File: /home/joey/courses/ece385/final_project/db/ip/final_project/submodules/final_project_mm_interconnect_0_rsp_demux_005.sv Line: 43
Info (12021): Found 1 design units, including 1 entities, in source file db/ip/final_project/submodules/final_project_mm_interconnect_0_rsp_mux.sv
    Info (12023): Found entity 1: final_project_mm_interconnect_0_rsp_mux File: /home/joey/courses/ece385/final_project/db/ip/final_project/submodules/final_project_mm_interconnect_0_rsp_mux.sv Line: 51
Info (12021): Found 1 design units, including 1 entities, in source file db/ip/final_project/submodules/final_project_mm_interconnect_0_rsp_mux_001.sv
    Info (12023): Found entity 1: final_project_mm_interconnect_0_rsp_mux_001 File: /home/joey/courses/ece385/final_project/db/ip/final_project/submodules/final_project_mm_interconnect_0_rsp_mux_001.sv Line: 51
Info (12021): Found 1 design units, including 1 entities, in source file db/ip/final_project/submodules/final_project_nios2_gen2_0.v
    Info (12023): Found entity 1: final_project_nios2_gen2_0 File: /home/joey/courses/ece385/final_project/db/ip/final_project/submodules/final_project_nios2_gen2_0.v Line: 9
Info (12021): Found 21 design units, including 21 entities, in source file db/ip/final_project/submodules/final_project_nios2_gen2_0_cpu.v
    Info (12023): Found entity 1: final_project_nios2_gen2_0_cpu_register_bank_a_module File: /home/joey/courses/ece385/final_project/db/ip/final_project/submodules/final_project_nios2_gen2_0_cpu.v Line: 21
    Info (12023): Found entity 2: final_project_nios2_gen2_0_cpu_register_bank_b_module File: /home/joey/courses/ece385/final_project/db/ip/final_project/submodules/final_project_nios2_gen2_0_cpu.v Line: 87
    Info (12023): Found entity 3: final_project_nios2_gen2_0_cpu_nios2_oci_debug File: /home/joey/courses/ece385/final_project/db/ip/final_project/submodules/final_project_nios2_gen2_0_cpu.v Line: 153
    Info (12023): Found entity 4: final_project_nios2_gen2_0_cpu_nios2_oci_break File: /home/joey/courses/ece385/final_project/db/ip/final_project/submodules/final_project_nios2_gen2_0_cpu.v Line: 295
    Info (12023): Found entity 5: final_project_nios2_gen2_0_cpu_nios2_oci_xbrk File: /home/joey/courses/ece385/final_project/db/ip/final_project/submodules/final_project_nios2_gen2_0_cpu.v Line: 588
    Info (12023): Found entity 6: final_project_nios2_gen2_0_cpu_nios2_oci_dbrk File: /home/joey/courses/ece385/final_project/db/ip/final_project/submodules/final_project_nios2_gen2_0_cpu.v Line: 795
    Info (12023): Found entity 7: final_project_nios2_gen2_0_cpu_nios2_oci_itrace File: /home/joey/courses/ece385/final_project/db/ip/final_project/submodules/final_project_nios2_gen2_0_cpu.v Line: 982
    Info (12023): Found entity 8: final_project_nios2_gen2_0_cpu_nios2_oci_td_mode File: /home/joey/courses/ece385/final_project/db/ip/final_project/submodules/final_project_nios2_gen2_0_cpu.v Line: 1115
    Info (12023): Found entity 9: final_project_nios2_gen2_0_cpu_nios2_oci_dtrace File: /home/joey/courses/ece385/final_project/db/ip/final_project/submodules/final_project_nios2_gen2_0_cpu.v Line: 1183
    Info (12023): Found entity 10: final_project_nios2_gen2_0_cpu_nios2_oci_compute_input_tm_cnt File: /home/joey/courses/ece385/final_project/db/ip/final_project/submodules/final_project_nios2_gen2_0_cpu.v Line: 1265
    Info (12023): Found entity 11: final_project_nios2_gen2_0_cpu_nios2_oci_fifo_wrptr_inc File: /home/joey/courses/ece385/final_project/db/ip/final_project/submodules/final_project_nios2_gen2_0_cpu.v Line: 1337
    Info (12023): Found entity 12: final_project_nios2_gen2_0_cpu_nios2_oci_fifo_cnt_inc File: /home/joey/courses/ece385/final_project/db/ip/final_project/submodules/final_project_nios2_gen2_0_cpu.v Line: 1380
    Info (12023): Found entity 13: final_project_nios2_gen2_0_cpu_nios2_oci_fifo File: /home/joey/courses/ece385/final_project/db/ip/final_project/submodules/final_project_nios2_gen2_0_cpu.v Line: 1427
    Info (12023): Found entity 14: final_project_nios2_gen2_0_cpu_nios2_oci_pib File: /home/joey/courses/ece385/final_project/db/ip/final_project/submodules/final_project_nios2_gen2_0_cpu.v Line: 1913
    Info (12023): Found entity 15: final_project_nios2_gen2_0_cpu_nios2_oci_im File: /home/joey/courses/ece385/final_project/db/ip/final_project/submodules/final_project_nios2_gen2_0_cpu.v Line: 1936
    Info (12023): Found entity 16: final_project_nios2_gen2_0_cpu_nios2_performance_monitors File: /home/joey/courses/ece385/final_project/db/ip/final_project/submodules/final_project_nios2_gen2_0_cpu.v Line: 2006
    Info (12023): Found entity 17: final_project_nios2_gen2_0_cpu_nios2_avalon_reg File: /home/joey/courses/ece385/final_project/db/ip/final_project/submodules/final_project_nios2_gen2_0_cpu.v Line: 2023
    Info (12023): Found entity 18: final_project_nios2_gen2_0_cpu_ociram_sp_ram_module File: /home/joey/courses/ece385/final_project/db/ip/final_project/submodules/final_project_nios2_gen2_0_cpu.v Line: 2116
    Info (12023): Found entity 19: final_project_nios2_gen2_0_cpu_nios2_ocimem File: /home/joey/courses/ece385/final_project/db/ip/final_project/submodules/final_project_nios2_gen2_0_cpu.v Line: 2181
    Info (12023): Found entity 20: final_project_nios2_gen2_0_cpu_nios2_oci File: /home/joey/courses/ece385/final_project/db/ip/final_project/submodules/final_project_nios2_gen2_0_cpu.v Line: 2362
    Info (12023): Found entity 21: final_project_nios2_gen2_0_cpu File: /home/joey/courses/ece385/final_project/db/ip/final_project/submodules/final_project_nios2_gen2_0_cpu.v Line: 2834
Info (12021): Found 1 design units, including 1 entities, in source file db/ip/final_project/submodules/final_project_nios2_gen2_0_cpu_debug_slave_sysclk.v
    Info (12023): Found entity 1: final_project_nios2_gen2_0_cpu_debug_slave_sysclk File: /home/joey/courses/ece385/final_project/db/ip/final_project/submodules/final_project_nios2_gen2_0_cpu_debug_slave_sysclk.v Line: 21
Info (12021): Found 1 design units, including 1 entities, in source file db/ip/final_project/submodules/final_project_nios2_gen2_0_cpu_debug_slave_tck.v
    Info (12023): Found entity 1: final_project_nios2_gen2_0_cpu_debug_slave_tck File: /home/joey/courses/ece385/final_project/db/ip/final_project/submodules/final_project_nios2_gen2_0_cpu_debug_slave_tck.v Line: 21
Info (12021): Found 1 design units, including 1 entities, in source file db/ip/final_project/submodules/final_project_nios2_gen2_0_cpu_debug_slave_wrapper.v
    Info (12023): Found entity 1: final_project_nios2_gen2_0_cpu_debug_slave_wrapper File: /home/joey/courses/ece385/final_project/db/ip/final_project/submodules/final_project_nios2_gen2_0_cpu_debug_slave_wrapper.v Line: 21
Info (12021): Found 1 design units, including 1 entities, in source file db/ip/final_project/submodules/final_project_nios2_gen2_0_cpu_test_bench.v
    Info (12023): Found entity 1: final_project_nios2_gen2_0_cpu_test_bench File: /home/joey/courses/ece385/final_project/db/ip/final_project/submodules/final_project_nios2_gen2_0_cpu_test_bench.v Line: 21
Info (12021): Found 4 design units, including 4 entities, in source file db/ip/final_project/submodules/final_project_pll.v
    Info (12023): Found entity 1: final_project_pll_dffpipe_l2c File: /home/joey/courses/ece385/final_project/db/ip/final_project/submodules/final_project_pll.v Line: 37
    Info (12023): Found entity 2: final_project_pll_stdsync_sv6 File: /home/joey/courses/ece385/final_project/db/ip/final_project/submodules/final_project_pll.v Line: 98
    Info (12023): Found entity 3: final_project_pll_altpll_1qn2 File: /home/joey/courses/ece385/final_project/db/ip/final_project/submodules/final_project_pll.v Line: 130
    Info (12023): Found entity 4: final_project_pll File: /home/joey/courses/ece385/final_project/db/ip/final_project/submodules/final_project_pll.v Line: 225
Info (12021): Found 2 design units, including 2 entities, in source file db/ip/final_project/submodules/final_project_sdram.v
    Info (12023): Found entity 1: final_project_sdram_input_efifo_module File: /home/joey/courses/ece385/final_project/db/ip/final_project/submodules/final_project_sdram.v Line: 21
    Info (12023): Found entity 2: final_project_sdram File: /home/joey/courses/ece385/final_project/db/ip/final_project/submodules/final_project_sdram.v Line: 159
Info (12021): Found 1 design units, including 1 entities, in source file db/ip/final_project/submodules/final_project_sprite_address_pio.v
    Info (12023): Found entity 1: final_project_sprite_address_pio File: /home/joey/courses/ece385/final_project/db/ip/final_project/submodules/final_project_sprite_address_pio.v Line: 21
Info (12021): Found 1 design units, including 1 entities, in source file db/ip/final_project/submodules/final_project_sprite_height_pio.v
    Info (12023): Found entity 1: final_project_sprite_height_pio File: /home/joey/courses/ece385/final_project/db/ip/final_project/submodules/final_project_sprite_height_pio.v Line: 21
Info (12021): Found 1 design units, including 1 entities, in source file db/ip/final_project/submodules/final_project_sysid.v
    Info (12023): Found entity 1: final_project_sysid File: /home/joey/courses/ece385/final_project/db/ip/final_project/submodules/final_project_sysid.v Line: 34
Info (12021): Found 1 design units, including 1 entities, in source file db/ip/final_project/submodules/latency_aware_read_master.v
    Info (12023): Found entity 1: latency_aware_read_master File: /home/joey/courses/ece385/final_project/db/ip/final_project/submodules/latency_aware_read_master.v Line: 35
Info (12021): Found 1 design units, including 1 entities, in source file db/ip/final_project/submodules/write_master.v
    Info (12023): Found entity 1: write_master File: /home/joey/courses/ece385/final_project/db/ip/final_project/submodules/write_master.v Line: 35
Warning (10037): Verilog HDL or VHDL warning at final_project_sdram.v(318): conditional expression evaluates to a constant File: /home/joey/courses/ece385/final_project/db/ip/final_project/submodules/final_project_sdram.v Line: 318
Warning (10037): Verilog HDL or VHDL warning at final_project_sdram.v(328): conditional expression evaluates to a constant File: /home/joey/courses/ece385/final_project/db/ip/final_project/submodules/final_project_sdram.v Line: 328
Warning (10037): Verilog HDL or VHDL warning at final_project_sdram.v(338): conditional expression evaluates to a constant File: /home/joey/courses/ece385/final_project/db/ip/final_project/submodules/final_project_sdram.v Line: 338
Warning (10037): Verilog HDL or VHDL warning at final_project_sdram.v(682): conditional expression evaluates to a constant File: /home/joey/courses/ece385/final_project/db/ip/final_project/submodules/final_project_sdram.v Line: 682
Error (10897): SystemVerilog error at mario_cv_game.sv(178): can't implicitly connect port "endpulse" on instance "vga_controller" of module "VGA_controller" - no such object is visible in the present scope File: /home/joey/courses/ece385/final_project/system_verilog/mario_cv_game.sv Line: 178
Error (10161): Verilog HDL error at mario_cv_game.sv(212): object "endpulse" is not declared. Verify the object name is correct. If the name is correct, declare the object. File: /home/joey/courses/ece385/final_project/system_verilog/mario_cv_game.sv Line: 212
Info (144001): Generated suppressed messages file /home/joey/courses/ece385/final_project/output_files/mario_cv_game.map.smsg
Error: Quartus Prime Analysis & Synthesis was unsuccessful. 2 errors, 5 warnings
    Error: Peak virtual memory: 895 megabytes
    Error: Processing ended: Thu Nov 22 21:42:45 2018
    Error: Elapsed time: 00:00:43
    Error: Total CPU time (on all processors): 00:01:35


+------------------------------------------+
; Analysis & Synthesis Suppressed Messages ;
+------------------------------------------+
The suppressed messages can be found in /home/joey/courses/ece385/final_project/output_files/mario_cv_game.map.smsg.


